2024-05-21 23:17:37.611 [info] Log level: Info
2024-05-21 23:17:37.611 [info] Validating found git in: "git"
2024-05-21 23:17:37.611 [info] Using git "2.45.1" from "git"
2024-05-21 23:17:37.611 [info] > git rev-parse --show-toplevel [3ms]
2024-05-21 23:17:37.613 [info] > git rev-parse --git-dir --git-common-dir [3ms]
2024-05-21 23:17:37.631 [info] Open repository: /home/ahmedsat/src/ray-test
2024-05-21 23:17:37.648 [info] > git config --get commit.template [7ms]
2024-05-21 23:17:37.651 [info] > git rev-parse --show-toplevel [6ms]
2024-05-21 23:17:37.665 [info] > git for-each-ref --format=%(refname)%00%(upstream:short)%00%(objectname)%00%(upstream:track)%00%(upstream:remotename)%00%(upstream:remoteref) refs/heads/main refs/remotes/main [7ms]
2024-05-21 23:17:37.671 [info] > git rev-parse --show-toplevel [7ms]
2024-05-21 23:17:37.679 [info] > git rev-parse --show-toplevel [2ms]
2024-05-21 23:17:37.706 [info] > git status -z -uall [15ms]
2024-05-21 23:17:37.706 [info] > git rev-parse --show-toplevel [9ms]
2024-05-21 23:17:37.817 [info] > git merge-base refs/heads/main refs/remotes/origin/main [103ms]
2024-05-21 23:17:37.833 [info] > git rev-list --count --left-right refs/heads/main...refs/remotes/origin/main [10ms]
2024-05-21 23:17:37.838 [info] > git config --get commit.template [21ms]
2024-05-21 23:17:37.838 [info] > git rev-parse --show-toplevel [27ms]
2024-05-21 23:17:37.862 [info] > git diff --name-status -z --diff-filter=ADMR b4472732bc6ca3612f5fb0ab4226e3b33827eff6...refs/remotes/origin/main [24ms]
2024-05-21 23:17:37.886 [info] > git for-each-ref --format=%(refname)%00%(upstream:short)%00%(objectname)%00%(upstream:track)%00%(upstream:remotename)%00%(upstream:remoteref) refs/heads/main refs/remotes/main [16ms]
2024-05-21 23:17:37.916 [info] > git status -z -uall [7ms]
2024-05-21 23:17:38.339 [info] > git check-ignore -v -z --stdin [2ms]
2024-05-21 23:17:38.708 [info] > git show --textconv :nob.c [7ms]
2024-05-21 23:17:38.709 [info] > git ls-files --stage -- /home/ahmedsat/src/ray-test/nob.c [2ms]
2024-05-21 23:17:47.222 [info] > git config --get commit.template [13ms]
2024-05-21 23:17:47.226 [info] > git for-each-ref --format=%(refname)%00%(upstream:short)%00%(objectname)%00%(upstream:track)%00%(upstream:remotename)%00%(upstream:remoteref) refs/heads/main refs/remotes/main [5ms]
2024-05-21 23:17:47.242 [info] > git status -z -uall [6ms]
