2024-05-21 22:09:27.480 [info] Log level: Info
2024-05-21 22:09:27.480 [info] Validating found git in: "git"
2024-05-21 22:09:27.480 [info] Using git "2.45.1" from "git"
2024-05-21 22:09:27.480 [info] > git rev-parse --show-toplevel [3ms]
2024-05-21 22:09:27.480 [info] > git rev-parse --git-dir --git-common-dir [2ms]
2024-05-21 22:09:27.480 [info] Open repository: /home/ahmedsat/src/ray-test
2024-05-21 22:09:27.480 [info] > git config --get commit.template [5ms]
2024-05-21 22:09:27.480 [info] > git rev-parse --show-toplevel [3ms]
2024-05-21 22:09:27.480 [info] > git for-each-ref --format=%(refname)%00%(upstream:short)%00%(objectname)%00%(upstream:track)%00%(upstream:remotename)%00%(upstream:remoteref) refs/heads/main refs/remotes/main [14ms]
2024-05-21 22:09:27.480 [info] > git status -z -uall [4ms]
2024-05-21 22:09:27.480 [info] > git merge-base refs/heads/main refs/remotes/origin/main [16ms]
2024-05-21 22:09:27.480 [info] > git rev-list --count --left-right refs/heads/main...refs/remotes/origin/main [10ms]
2024-05-21 22:09:27.480 [info] > git config --get commit.template [36ms]
2024-05-21 22:09:27.480 [info] > git diff --name-status -z --diff-filter=ADMR b4472732bc6ca3612f5fb0ab4226e3b33827eff6...refs/remotes/origin/main [37ms]
2024-05-21 22:09:27.481 [info] > git for-each-ref --format=%(refname)%00%(upstream:short)%00%(objectname)%00%(upstream:track)%00%(upstream:remotename)%00%(upstream:remoteref) refs/heads/main refs/remotes/main [10ms]
2024-05-21 22:09:27.488 [info] > git status -z -uall [2ms]
2024-05-21 22:09:27.996 [info] > git check-ignore -v -z --stdin [2ms]
2024-05-21 22:09:28.207 [info] > git show --textconv :nob.c [7ms]
2024-05-21 22:09:28.209 [info] > git ls-files --stage -- /home/ahmedsat/src/ray-test/nob.c [3ms]
2024-05-21 22:10:04.601 [info] > git show --textconv :nob.c [8ms]
2024-05-21 22:10:04.603 [info] > git ls-files --stage -- /home/ahmedsat/src/ray-test/nob.c [4ms]
2024-05-21 22:11:42.330 [info] > git show --textconv :include/nob.h [7ms]
2024-05-21 22:11:42.331 [info] > git ls-files --stage -- /home/ahmedsat/src/ray-test/include/nob.h [2ms]
2024-05-21 22:12:03.320 [info] > git show --textconv :nob.c [12ms]
2024-05-21 22:12:03.324 [info] > git ls-files --stage -- /home/ahmedsat/src/ray-test/nob.c [5ms]
2024-05-21 22:12:48.008 [info] > git show --textconv :include/nob.h [4ms]
2024-05-21 22:12:48.010 [info] > git ls-files --stage -- /home/ahmedsat/src/ray-test/include/nob.h [2ms]
2024-05-21 22:13:52.069 [info] > git show --textconv :nob.c [11ms]
2024-05-21 22:13:52.072 [info] > git ls-files --stage -- /home/ahmedsat/src/ray-test/nob.c [5ms]
2024-05-21 22:13:58.967 [info] > git config --get commit.template [5ms]
2024-05-21 22:13:58.967 [info] > git for-each-ref --format=%(refname)%00%(upstream:short)%00%(objectname)%00%(upstream:track)%00%(upstream:remotename)%00%(upstream:remoteref) refs/heads/main refs/remotes/main [2ms]
2024-05-21 22:13:58.973 [info] > git status -z -uall [1ms]
2024-05-21 22:14:04.739 [info] > git config --get commit.template [5ms]
2024-05-21 22:14:04.740 [info] > git for-each-ref --format=%(refname)%00%(upstream:short)%00%(objectname)%00%(upstream:track)%00%(upstream:remotename)%00%(upstream:remoteref) refs/heads/main refs/remotes/main [2ms]
2024-05-21 22:14:04.748 [info] > git status -z -uall [3ms]
2024-05-21 22:14:37.042 [info] > git config --get commit.template [5ms]
2024-05-21 22:14:37.043 [info] > git for-each-ref --format=%(refname)%00%(upstream:short)%00%(objectname)%00%(upstream:track)%00%(upstream:remotename)%00%(upstream:remoteref) refs/heads/main refs/remotes/main [2ms]
2024-05-21 22:14:37.051 [info] > git status -z -uall [3ms]
2024-05-21 22:15:41.737 [info] > git config --get commit.template [10ms]
2024-05-21 22:15:41.739 [info] > git for-each-ref --format=%(refname)%00%(upstream:short)%00%(objectname)%00%(upstream:track)%00%(upstream:remotename)%00%(upstream:remoteref) refs/heads/main refs/remotes/main [4ms]
2024-05-21 22:15:41.752 [info] > git status -z -uall [4ms]
2024-05-21 22:19:50.716 [info] > git config --get commit.template [10ms]
2024-05-21 22:19:50.719 [info] > git for-each-ref --format=%(refname)%00%(upstream:short)%00%(objectname)%00%(upstream:track)%00%(upstream:remotename)%00%(upstream:remoteref) refs/heads/main refs/remotes/main [4ms]
2024-05-21 22:19:50.734 [info] > git status -z -uall [5ms]
2024-05-21 22:19:57.667 [info] > git config --get commit.template [25ms]
2024-05-21 22:19:57.669 [info] > git for-each-ref --format=%(refname)%00%(upstream:short)%00%(objectname)%00%(upstream:track)%00%(upstream:remotename)%00%(upstream:remoteref) refs/heads/main refs/remotes/main [2ms]
2024-05-21 22:19:57.676 [info] > git status -z -uall [2ms]
2024-05-21 22:20:02.704 [info] > git config --get commit.template [10ms]
2024-05-21 22:20:02.706 [info] > git for-each-ref --format=%(refname)%00%(upstream:short)%00%(objectname)%00%(upstream:track)%00%(upstream:remotename)%00%(upstream:remoteref) refs/heads/main refs/remotes/main [4ms]
2024-05-21 22:20:02.721 [info] > git status -z -uall [5ms]
2024-05-21 22:20:09.091 [info] > git config --get commit.template [5ms]
2024-05-21 22:20:09.093 [info] > git for-each-ref --format=%(refname)%00%(upstream:short)%00%(objectname)%00%(upstream:track)%00%(upstream:remotename)%00%(upstream:remoteref) refs/heads/main refs/remotes/main [3ms]
2024-05-21 22:20:09.101 [info] > git status -z -uall [3ms]
2024-05-21 22:20:14.119 [info] > git config --get commit.template [4ms]
2024-05-21 22:20:14.120 [info] > git for-each-ref --format=%(refname)%00%(upstream:short)%00%(objectname)%00%(upstream:track)%00%(upstream:remotename)%00%(upstream:remoteref) refs/heads/main refs/remotes/main [2ms]
2024-05-21 22:20:14.127 [info] > git status -z -uall [3ms]
2024-05-21 22:21:02.889 [info] > git show --textconv :nob.c [13ms]
2024-05-21 22:21:02.892 [info] > git ls-files --stage -- /home/ahmedsat/src/ray-test/nob.c [5ms]
