2024-05-21 23:21:55.561 [info] Log level: Info
2024-05-21 23:21:55.561 [info] Validating found git in: "git"
2024-05-21 23:21:55.561 [info] Using git "2.45.1" from "git"
2024-05-21 23:21:55.561 [info] > git rev-parse --show-toplevel [13ms]
2024-05-21 23:21:55.561 [info] > git rev-parse --git-dir --git-common-dir [5ms]
2024-05-21 23:21:55.561 [info] Open repository: /home/ahmedsat/src/ray-test
2024-05-21 23:21:55.561 [info] > git rev-parse --show-toplevel [78ms]
2024-05-21 23:21:55.561 [info] > git config --get commit.template [84ms]
2024-05-21 23:21:55.579 [info] > git rev-parse --show-toplevel [13ms]
2024-05-21 23:21:55.586 [info] > git for-each-ref --format=%(refname)%00%(upstream:short)%00%(objectname)%00%(upstream:track)%00%(upstream:remotename)%00%(upstream:remoteref) refs/heads/main refs/remotes/main [11ms]
2024-05-21 23:21:55.588 [info] > git rev-parse --show-toplevel [3ms]
2024-05-21 23:21:55.637 [info] > git rev-parse --show-toplevel [4ms]
2024-05-21 23:21:55.652 [info] > git status -z -uall [8ms]
2024-05-21 23:21:55.683 [info] > git merge-base refs/heads/main refs/remotes/origin/main [22ms]
2024-05-21 23:21:55.691 [info] > git rev-parse --show-toplevel [40ms]
2024-05-21 23:21:55.697 [info] > git rev-list --count --left-right refs/heads/main...refs/remotes/origin/main [7ms]
2024-05-21 23:21:55.704 [info] > git config --get commit.template [22ms]
2024-05-21 23:21:55.713 [info] > git diff --name-status -z --diff-filter=ADMR b4472732bc6ca3612f5fb0ab4226e3b33827eff6...refs/remotes/origin/main [10ms]
2024-05-21 23:21:55.716 [info] > git for-each-ref --format=%(refname)%00%(upstream:short)%00%(objectname)%00%(upstream:track)%00%(upstream:remotename)%00%(upstream:remoteref) refs/heads/main refs/remotes/main [4ms]
2024-05-21 23:21:55.725 [info] > git status -z -uall [2ms]
2024-05-21 23:21:56.039 [info] > git check-ignore -v -z --stdin [3ms]
2024-05-21 23:21:56.355 [info] > git show --textconv :nob.c [5ms]
2024-05-21 23:21:56.357 [info] > git ls-files --stage -- /home/ahmedsat/src/ray-test/nob.c [2ms]
2024-05-21 23:22:07.177 [info] > git show --textconv :nob.c [8ms]
2024-05-21 23:22:07.178 [info] > git ls-files --stage -- /home/ahmedsat/src/ray-test/nob.c [2ms]
2024-05-21 23:22:24.304 [info] > git check-ignore -v -z --stdin [2ms]
2024-05-21 23:22:24.833 [info] > git for-each-ref --format=%(refname)%00%(upstream:short)%00%(objectname)%00%(upstream:track)%00%(upstream:remotename)%00%(upstream:remoteref) refs/heads/main refs/remotes/main [3ms]
2024-05-21 23:22:24.833 [info] > git config --get commit.template [13ms]
2024-05-21 23:22:24.844 [info] > git status -z -uall [3ms]
2024-05-21 23:22:49.556 [info] > git config --get commit.template [33ms]
2024-05-21 23:22:49.563 [info] > git for-each-ref --format=%(refname)%00%(upstream:short)%00%(objectname)%00%(upstream:track)%00%(upstream:remotename)%00%(upstream:remoteref) refs/heads/main refs/remotes/main [2ms]
2024-05-21 23:22:49.569 [info] > git status -z -uall [2ms]
2024-05-21 23:23:08.093 [info] > git config --get commit.template [6ms]
2024-05-21 23:23:08.094 [info] > git for-each-ref --format=%(refname)%00%(upstream:short)%00%(objectname)%00%(upstream:track)%00%(upstream:remotename)%00%(upstream:remoteref) refs/heads/main refs/remotes/main [2ms]
2024-05-21 23:23:08.101 [info] > git status -z -uall [2ms]
2024-05-21 23:24:07.066 [info] > git config --get commit.template [6ms]
2024-05-21 23:24:07.068 [info] > git for-each-ref --format=%(refname)%00%(upstream:short)%00%(objectname)%00%(upstream:track)%00%(upstream:remotename)%00%(upstream:remoteref) refs/heads/main refs/remotes/main [2ms]
2024-05-21 23:24:07.076 [info] > git status -z -uall [3ms]
2024-05-21 23:24:12.094 [info] > git config --get commit.template [5ms]
2024-05-21 23:24:12.095 [info] > git for-each-ref --format=%(refname)%00%(upstream:short)%00%(objectname)%00%(upstream:track)%00%(upstream:remotename)%00%(upstream:remoteref) refs/heads/main refs/remotes/main [2ms]
2024-05-21 23:24:12.102 [info] > git status -z -uall [2ms]
2024-05-21 23:24:15.198 [info] > git check-ignore -v -z --stdin [5ms]
2024-05-21 23:27:41.871 [info] > git config --get commit.template [6ms]
2024-05-21 23:27:41.872 [info] > git for-each-ref --format=%(refname)%00%(upstream:short)%00%(objectname)%00%(upstream:track)%00%(upstream:remotename)%00%(upstream:remoteref) refs/heads/main refs/remotes/main [1ms]
2024-05-21 23:27:41.878 [info] > git status -z -uall [2ms]
2024-05-21 23:27:59.650 [info] > git config --get commit.template [12ms]
2024-05-21 23:27:59.652 [info] > git for-each-ref --format=%(refname)%00%(upstream:short)%00%(objectname)%00%(upstream:track)%00%(upstream:remotename)%00%(upstream:remoteref) refs/heads/main refs/remotes/main [4ms]
2024-05-21 23:27:59.670 [info] > git status -z -uall [6ms]
2024-05-21 23:28:24.442 [info] > git show --textconv :src/main.c [5ms]
2024-05-21 23:28:24.443 [info] > git ls-files --stage -- /home/ahmedsat/src/ray-test/src/main.c [2ms]
2024-05-21 23:28:32.672 [info] > git config --get commit.template [6ms]
2024-05-21 23:28:32.673 [info] > git for-each-ref --format=%(refname)%00%(upstream:short)%00%(objectname)%00%(upstream:track)%00%(upstream:remotename)%00%(upstream:remoteref) refs/heads/main refs/remotes/main [2ms]
2024-05-21 23:28:32.680 [info] > git status -z -uall [2ms]
2024-05-21 23:28:37.715 [info] > git config --get commit.template [15ms]
2024-05-21 23:28:37.718 [info] > git for-each-ref --format=%(refname)%00%(upstream:short)%00%(objectname)%00%(upstream:track)%00%(upstream:remotename)%00%(upstream:remoteref) refs/heads/main refs/remotes/main [3ms]
2024-05-21 23:28:37.727 [info] > git status -z -uall [3ms]
2024-05-21 23:28:41.269 [info] > git show --textconv :nob.c [8ms]
2024-05-21 23:28:41.271 [info] > git ls-files --stage -- /home/ahmedsat/src/ray-test/nob.c [3ms]
2024-05-21 23:29:06.211 [info] > git config --get commit.template [12ms]
2024-05-21 23:29:06.214 [info] > git for-each-ref --format=%(refname)%00%(upstream:short)%00%(objectname)%00%(upstream:track)%00%(upstream:remotename)%00%(upstream:remoteref) refs/heads/main refs/remotes/main [4ms]
2024-05-21 23:29:06.232 [info] > git status -z -uall [5ms]
2024-05-21 23:29:11.252 [info] > git config --get commit.template [6ms]
2024-05-21 23:29:11.253 [info] > git for-each-ref --format=%(refname)%00%(upstream:short)%00%(objectname)%00%(upstream:track)%00%(upstream:remotename)%00%(upstream:remoteref) refs/heads/main refs/remotes/main [2ms]
2024-05-21 23:29:11.265 [info] > git status -z -uall [3ms]
2024-05-21 23:29:51.616 [info] > git config --get commit.template [15ms]
2024-05-21 23:29:51.617 [info] > git for-each-ref --format=%(refname)%00%(upstream:short)%00%(objectname)%00%(upstream:track)%00%(upstream:remotename)%00%(upstream:remoteref) refs/heads/main refs/remotes/main [5ms]
2024-05-21 23:29:51.636 [info] > git status -z -uall [7ms]
2024-05-21 23:29:56.659 [info] > git config --get commit.template [5ms]
2024-05-21 23:29:56.660 [info] > git for-each-ref --format=%(refname)%00%(upstream:short)%00%(objectname)%00%(upstream:track)%00%(upstream:remotename)%00%(upstream:remoteref) refs/heads/main refs/remotes/main [2ms]
2024-05-21 23:29:56.666 [info] > git status -z -uall [2ms]
2024-05-21 23:30:12.186 [info] > git config --get commit.template [6ms]
2024-05-21 23:30:12.187 [info] > git for-each-ref --format=%(refname)%00%(upstream:short)%00%(objectname)%00%(upstream:track)%00%(upstream:remotename)%00%(upstream:remoteref) refs/heads/main refs/remotes/main [2ms]
2024-05-21 23:30:12.195 [info] > git status -z -uall [2ms]
2024-05-21 23:30:17.211 [info] > git config --get commit.template [5ms]
2024-05-21 23:30:17.212 [info] > git for-each-ref --format=%(refname)%00%(upstream:short)%00%(objectname)%00%(upstream:track)%00%(upstream:remotename)%00%(upstream:remoteref) refs/heads/main refs/remotes/main [2ms]
2024-05-21 23:30:17.220 [info] > git status -z -uall [3ms]
2024-05-21 23:30:20.482 [info] > git show --textconv :src/main.c [5ms]
2024-05-21 23:30:20.484 [info] > git ls-files --stage -- /home/ahmedsat/src/ray-test/src/main.c [2ms]
2024-05-21 23:30:28.059 [info] > git config --get commit.template [2ms]
2024-05-21 23:30:28.067 [info] > git for-each-ref --format=%(refname)%00%(upstream:short)%00%(objectname)%00%(upstream:track)%00%(upstream:remotename)%00%(upstream:remoteref) refs/heads/main refs/remotes/main [2ms]
2024-05-21 23:30:28.077 [info] > git status -z -uall [2ms]
2024-05-21 23:30:41.470 [info] > git merge-base refs/heads/main refs/remotes/origin/main [2ms]
2024-05-21 23:30:41.478 [info] > git rev-list --count --left-right refs/heads/main...refs/remotes/origin/main [2ms]
2024-05-21 23:30:42.188 [info] > git check-ignore -v -z --stdin [2ms]
2024-05-21 23:31:02.095 [info] > git show --textconv :.gitignore [7ms]
2024-05-21 23:31:02.097 [info] > git ls-files --stage -- /home/ahmedsat/src/ray-test/.gitignore [3ms]
2024-05-21 23:31:24.266 [info] > git check-ignore -v -z --stdin [2ms]
2024-05-21 23:31:24.736 [info] > git config --get commit.template [12ms]
2024-05-21 23:31:24.736 [info] > git for-each-ref --format=%(refname)%00%(upstream:short)%00%(objectname)%00%(upstream:track)%00%(upstream:remotename)%00%(upstream:remoteref) refs/heads/main refs/remotes/main [3ms]
2024-05-21 23:31:24.741 [info] > git status -z -uall [1ms]
2024-05-21 23:31:41.639 [info] > git show --textconv :src/main.c [11ms]
2024-05-21 23:31:41.641 [info] > git ls-files --stage -- /home/ahmedsat/src/ray-test/src/main.c [3ms]
2024-05-21 23:31:49.551 [info] > git config --get commit.template [1ms]
2024-05-21 23:31:49.558 [info] > git for-each-ref --format=%(refname)%00%(upstream:short)%00%(objectname)%00%(upstream:track)%00%(upstream:remotename)%00%(upstream:remoteref) refs/heads/main refs/remotes/main [2ms]
2024-05-21 23:31:49.567 [info] > git status -z -uall [3ms]
2024-05-21 23:31:53.915 [info] > git ls-files --stage -- /home/ahmedsat/src/ray-test/src/main.c [2ms]
2024-05-21 23:31:53.923 [info] > git cat-file -s 0ced00d96cde37d8a0e7f85c673d9f101dd65225 [3ms]
2024-05-21 23:31:53.935 [info] > git show --textconv :src/main.c [3ms]
2024-05-21 23:31:54.584 [info] > git config --get commit.template [4ms]
2024-05-21 23:31:54.585 [info] > git for-each-ref --format=%(refname)%00%(upstream:short)%00%(objectname)%00%(upstream:track)%00%(upstream:remotename)%00%(upstream:remoteref) refs/heads/main refs/remotes/main [1ms]
2024-05-21 23:31:54.592 [info] > git status -z -uall [2ms]
2024-05-21 23:31:54.601 [info] > git merge-base refs/heads/main refs/remotes/origin/main [3ms]
2024-05-21 23:31:54.608 [info] > git rev-list --count --left-right refs/heads/main...refs/remotes/origin/main [2ms]
2024-05-21 23:31:54.614 [info] > git diff --name-status -z --diff-filter=ADMR b4472732bc6ca3612f5fb0ab4226e3b33827eff6...refs/remotes/origin/main [1ms]
2024-05-21 23:32:00.464 [info] > git config --get commit.template [3ms]
2024-05-21 23:32:00.471 [info] > git for-each-ref --format=%(refname)%00%(upstream:short)%00%(objectname)%00%(upstream:track)%00%(upstream:remotename)%00%(upstream:remoteref) refs/heads/main refs/remotes/main [2ms]
2024-05-21 23:32:00.478 [info] > git status -z -uall [2ms]
2024-05-21 23:32:00.487 [info] > git merge-base refs/heads/main refs/remotes/origin/main [3ms]
2024-05-21 23:32:00.494 [info] > git rev-list --count --left-right refs/heads/main...refs/remotes/origin/main [1ms]
2024-05-21 23:32:00.502 [info] > git diff --name-status -z --diff-filter=ADMR 40bf7f0ab7a115e7f90cc5765a97d1872d8ad891...refs/remotes/origin/main [1ms]
2024-05-21 23:32:00.571 [info] > git ls-files --stage -- /home/ahmedsat/src/ray-test/src/main.c [3ms]
2024-05-21 23:32:00.583 [info] > git cat-file -s 0ced00d96cde37d8a0e7f85c673d9f101dd65225 [3ms]
2024-05-21 23:32:00.599 [info] > git show --textconv :src/main.c [4ms]
2024-05-21 23:32:21.976 [info] > git config --get commit.template [3ms]
2024-05-21 23:32:21.983 [info] > git for-each-ref --format=%(refname)%00%(upstream:short)%00%(objectname)%00%(upstream:track)%00%(upstream:remotename)%00%(upstream:remoteref) refs/heads/main refs/remotes/main [2ms]
2024-05-21 23:32:21.992 [info] > git status -z -uall [2ms]
