2024-05-22 07:47:00.199 [info] Log level: Info
2024-05-22 07:47:00.199 [info] Validating found git in: "git"
2024-05-22 07:47:00.199 [info] Using git "2.45.1" from "git"
2024-05-22 07:47:00.199 [info] > git rev-parse --show-toplevel [5ms]
2024-05-22 07:47:00.199 [info] > git rev-parse --git-dir --git-common-dir [21ms]
2024-05-22 07:47:00.199 [info] Open repository: /home/ahmedsat/src/ray-test
2024-05-22 07:47:00.207 [info] > git rev-parse --show-toplevel [2ms]
2024-05-22 07:47:00.209 [info] > git config --get commit.template [6ms]
2024-05-22 07:47:00.220 [info] > git rev-parse --show-toplevel [7ms]
2024-05-22 07:47:00.226 [info] > git for-each-ref --format=%(refname)%00%(upstream:short)%00%(objectname)%00%(upstream:track)%00%(upstream:remotename)%00%(upstream:remoteref) refs/heads/main refs/remotes/main [7ms]
2024-05-22 07:47:00.228 [info] > git rev-parse --show-toplevel [3ms]
2024-05-22 07:47:00.235 [info] > git rev-parse --show-toplevel [5ms]
2024-05-22 07:47:00.239 [info] > git status -z -uall [4ms]
2024-05-22 07:47:00.254 [info] > git merge-base refs/heads/main refs/remotes/origin/main [9ms]
2024-05-22 07:47:00.258 [info] > git rev-parse --show-toplevel [20ms]
2024-05-22 07:47:00.264 [info] > git rev-list --count --left-right refs/heads/main...refs/remotes/origin/main [5ms]
2024-05-22 07:47:00.267 [info] > git config --get commit.template [13ms]
2024-05-22 07:47:00.268 [info] > git rev-parse --show-toplevel [6ms]
2024-05-22 07:47:00.285 [info] > git diff --name-status -z --diff-filter=ADMR 40bf7f0ab7a115e7f90cc5765a97d1872d8ad891...refs/remotes/origin/main [18ms]
2024-05-22 07:47:00.294 [info] > git for-each-ref --format=%(refname)%00%(upstream:short)%00%(objectname)%00%(upstream:track)%00%(upstream:remotename)%00%(upstream:remoteref) refs/heads/main refs/remotes/main [9ms]
2024-05-22 07:47:00.300 [info] > git status -z -uall [2ms]
2024-05-22 07:47:00.528 [info] > git ls-files --stage -- /home/ahmedsat/src/ray-test/src/main.c [2ms]
2024-05-22 07:47:00.532 [info] > git show --textconv :src/main.c [13ms]
2024-05-22 07:47:00.534 [info] > git cat-file -s 0ced00d96cde37d8a0e7f85c673d9f101dd65225 [2ms]
2024-05-22 07:47:00.737 [info] > git check-ignore -v -z --stdin [9ms]
2024-05-22 07:48:09.832 [info] > git config --get commit.template [14ms]
2024-05-22 07:48:09.834 [info] > git for-each-ref --format=%(refname)%00%(upstream:short)%00%(objectname)%00%(upstream:track)%00%(upstream:remotename)%00%(upstream:remoteref) refs/heads/main refs/remotes/main [4ms]
2024-05-22 07:48:09.853 [info] > git status -z -uall [9ms]
2024-05-22 07:48:38.416 [info] > git config --get commit.template [14ms]
2024-05-22 07:48:38.419 [info] > git for-each-ref --format=%(refname)%00%(upstream:short)%00%(objectname)%00%(upstream:track)%00%(upstream:remotename)%00%(upstream:remoteref) refs/heads/main refs/remotes/main [5ms]
2024-05-22 07:48:38.438 [info] > git status -z -uall [7ms]
2024-05-22 07:48:57.243 [info] > git config --get commit.template [6ms]
2024-05-22 07:48:57.243 [info] > git for-each-ref --format=%(refname)%00%(upstream:short)%00%(objectname)%00%(upstream:track)%00%(upstream:remotename)%00%(upstream:remoteref) refs/heads/main refs/remotes/main [2ms]
2024-05-22 07:48:57.253 [info] > git status -z -uall [2ms]
2024-05-22 07:49:10.104 [info] > git config --get commit.template [13ms]
2024-05-22 07:49:10.107 [info] > git for-each-ref --format=%(refname)%00%(upstream:short)%00%(objectname)%00%(upstream:track)%00%(upstream:remotename)%00%(upstream:remoteref) refs/heads/main refs/remotes/main [5ms]
2024-05-22 07:49:10.125 [info] > git status -z -uall [6ms]
2024-05-22 07:50:38.581 [info] > git config --get commit.template [2ms]
2024-05-22 07:50:38.586 [info] > git for-each-ref --format=%(refname)%00%(upstream:short)%00%(objectname)%00%(upstream:track)%00%(upstream:remotename)%00%(upstream:remoteref) refs/heads/main refs/remotes/main [1ms]
2024-05-22 07:50:38.591 [info] > git status -z -uall [2ms]
2024-05-22 07:51:01.745 [info] > git config --get commit.template [2ms]
2024-05-22 07:51:01.751 [info] > git for-each-ref --format=%(refname)%00%(upstream:short)%00%(objectname)%00%(upstream:track)%00%(upstream:remotename)%00%(upstream:remoteref) refs/heads/main refs/remotes/main [2ms]
2024-05-22 07:51:01.757 [info] > git status -z -uall [2ms]
2024-05-22 07:51:32.878 [info] > git config --get commit.template [14ms]
2024-05-22 07:51:32.881 [info] > git for-each-ref --format=%(refname)%00%(upstream:short)%00%(objectname)%00%(upstream:track)%00%(upstream:remotename)%00%(upstream:remoteref) refs/heads/main refs/remotes/main [4ms]
2024-05-22 07:51:32.899 [info] > git status -z -uall [6ms]
2024-05-22 07:51:38.517 [info] > git config --get commit.template [2ms]
2024-05-22 07:51:38.528 [info] > git for-each-ref --format=%(refname)%00%(upstream:short)%00%(objectname)%00%(upstream:track)%00%(upstream:remotename)%00%(upstream:remoteref) refs/heads/main refs/remotes/main [3ms]
2024-05-22 07:51:38.539 [info] > git status -z -uall [3ms]
2024-05-22 07:51:46.819 [info] > git config --get commit.template [2ms]
2024-05-22 07:51:46.829 [info] > git for-each-ref --format=%(refname)%00%(upstream:short)%00%(objectname)%00%(upstream:track)%00%(upstream:remotename)%00%(upstream:remoteref) refs/heads/main refs/remotes/main [5ms]
2024-05-22 07:51:46.841 [info] > git status -z -uall [3ms]
2024-05-22 07:52:01.247 [info] > git config --get commit.template [15ms]
2024-05-22 07:52:01.250 [info] > git for-each-ref --format=%(refname)%00%(upstream:short)%00%(objectname)%00%(upstream:track)%00%(upstream:remotename)%00%(upstream:remoteref) refs/heads/main refs/remotes/main [4ms]
2024-05-22 07:52:01.269 [info] > git status -z -uall [6ms]
2024-05-22 07:52:06.287 [info] > git config --get commit.template [3ms]
2024-05-22 07:52:06.287 [info] > git for-each-ref --format=%(refname)%00%(upstream:short)%00%(objectname)%00%(upstream:track)%00%(upstream:remotename)%00%(upstream:remoteref) refs/heads/main refs/remotes/main [1ms]
2024-05-22 07:52:06.293 [info] > git status -z -uall [2ms]
2024-05-22 07:52:53.261 [info] > git config --get commit.template [15ms]
2024-05-22 07:52:53.264 [info] > git for-each-ref --format=%(refname)%00%(upstream:short)%00%(objectname)%00%(upstream:track)%00%(upstream:remotename)%00%(upstream:remoteref) refs/heads/main refs/remotes/main [5ms]
2024-05-22 07:52:53.283 [info] > git status -z -uall [6ms]
2024-05-22 07:53:50.978 [info] > git config --get commit.template [4ms]
2024-05-22 07:53:50.979 [info] > git for-each-ref --format=%(refname)%00%(upstream:short)%00%(objectname)%00%(upstream:track)%00%(upstream:remotename)%00%(upstream:remoteref) refs/heads/main refs/remotes/main [1ms]
2024-05-22 07:53:50.984 [info] > git status -z -uall [1ms]
2024-05-22 07:53:56.003 [info] > git config --get commit.template [10ms]
2024-05-22 07:53:56.006 [info] > git for-each-ref --format=%(refname)%00%(upstream:short)%00%(objectname)%00%(upstream:track)%00%(upstream:remotename)%00%(upstream:remoteref) refs/heads/main refs/remotes/main [3ms]
2024-05-22 07:53:56.020 [info] > git status -z -uall [4ms]
2024-05-22 07:54:02.457 [info] > git config --get commit.template [8ms]
2024-05-22 07:54:02.458 [info] > git for-each-ref --format=%(refname)%00%(upstream:short)%00%(objectname)%00%(upstream:track)%00%(upstream:remotename)%00%(upstream:remoteref) refs/heads/main refs/remotes/main [2ms]
2024-05-22 07:54:02.467 [info] > git status -z -uall [4ms]
2024-05-22 07:54:43.312 [info] > git config --get commit.template [16ms]
2024-05-22 07:54:43.316 [info] > git for-each-ref --format=%(refname)%00%(upstream:short)%00%(objectname)%00%(upstream:track)%00%(upstream:remotename)%00%(upstream:remoteref) refs/heads/main refs/remotes/main [5ms]
2024-05-22 07:54:43.335 [info] > git status -z -uall [5ms]
2024-05-22 07:54:48.355 [info] > git config --get commit.template [6ms]
2024-05-22 07:54:48.356 [info] > git for-each-ref --format=%(refname)%00%(upstream:short)%00%(objectname)%00%(upstream:track)%00%(upstream:remotename)%00%(upstream:remoteref) refs/heads/main refs/remotes/main [1ms]
2024-05-22 07:54:48.361 [info] > git status -z -uall [1ms]
2024-05-22 07:55:01.169 [info] > git config --get commit.template [7ms]
2024-05-22 07:55:01.170 [info] > git for-each-ref --format=%(refname)%00%(upstream:short)%00%(objectname)%00%(upstream:track)%00%(upstream:remotename)%00%(upstream:remoteref) refs/heads/main refs/remotes/main [2ms]
2024-05-22 07:55:01.178 [info] > git status -z -uall [2ms]
2024-05-22 07:55:07.927 [info] > git config --get commit.template [13ms]
2024-05-22 07:55:07.930 [info] > git for-each-ref --format=%(refname)%00%(upstream:short)%00%(objectname)%00%(upstream:track)%00%(upstream:remotename)%00%(upstream:remoteref) refs/heads/main refs/remotes/main [5ms]
2024-05-22 07:55:07.947 [info] > git status -z -uall [6ms]
2024-05-22 07:55:29.452 [info] > git config --get commit.template [10ms]
2024-05-22 07:55:29.455 [info] > git for-each-ref --format=%(refname)%00%(upstream:short)%00%(objectname)%00%(upstream:track)%00%(upstream:remotename)%00%(upstream:remoteref) refs/heads/main refs/remotes/main [4ms]
2024-05-22 07:55:29.463 [info] > git status -z -uall [2ms]
2024-05-22 08:00:46.420 [info] > git config --get commit.template [15ms]
2024-05-22 08:00:46.423 [info] > git for-each-ref --format=%(refname)%00%(upstream:short)%00%(objectname)%00%(upstream:track)%00%(upstream:remotename)%00%(upstream:remoteref) refs/heads/main refs/remotes/main [5ms]
2024-05-22 08:00:46.442 [info] > git status -z -uall [6ms]
2024-05-22 08:01:34.414 [info] > git config --get commit.template [3ms]
2024-05-22 08:01:34.422 [info] > git for-each-ref --format=%(refname)%00%(upstream:short)%00%(objectname)%00%(upstream:track)%00%(upstream:remotename)%00%(upstream:remoteref) refs/heads/main refs/remotes/main [1ms]
2024-05-22 08:01:34.429 [info] > git status -z -uall [2ms]
2024-05-22 08:02:40.258 [info] > git config --get commit.template [14ms]
2024-05-22 08:02:40.261 [info] > git for-each-ref --format=%(refname)%00%(upstream:short)%00%(objectname)%00%(upstream:track)%00%(upstream:remotename)%00%(upstream:remoteref) refs/heads/main refs/remotes/main [6ms]
2024-05-22 08:02:40.284 [info] > git status -z -uall [9ms]
2024-05-22 08:02:48.911 [info] > git config --get commit.template [14ms]
2024-05-22 08:02:48.915 [info] > git for-each-ref --format=%(refname)%00%(upstream:short)%00%(objectname)%00%(upstream:track)%00%(upstream:remotename)%00%(upstream:remoteref) refs/heads/main refs/remotes/main [6ms]
2024-05-22 08:02:48.935 [info] > git status -z -uall [6ms]
2024-05-22 08:03:58.094 [info] > git config --get commit.template [10ms]
2024-05-22 08:03:58.095 [info] > git for-each-ref --format=%(refname)%00%(upstream:short)%00%(objectname)%00%(upstream:track)%00%(upstream:remotename)%00%(upstream:remoteref) refs/heads/main refs/remotes/main [2ms]
2024-05-22 08:03:58.108 [info] > git status -z -uall [3ms]
2024-05-22 08:04:03.719 [info] > git config --get commit.template [2ms]
2024-05-22 08:04:03.727 [info] > git for-each-ref --format=%(refname)%00%(upstream:short)%00%(objectname)%00%(upstream:track)%00%(upstream:remotename)%00%(upstream:remoteref) refs/heads/main refs/remotes/main [2ms]
2024-05-22 08:04:03.737 [info] > git status -z -uall [3ms]
2024-05-22 08:04:59.146 [info] > git config --get commit.template [13ms]
2024-05-22 08:04:59.150 [info] > git for-each-ref --format=%(refname)%00%(upstream:short)%00%(objectname)%00%(upstream:track)%00%(upstream:remotename)%00%(upstream:remoteref) refs/heads/main refs/remotes/main [5ms]
2024-05-22 08:04:59.168 [info] > git status -z -uall [7ms]
2024-05-22 08:05:31.575 [info] > git config --get commit.template [4ms]
2024-05-22 08:05:31.585 [info] > git for-each-ref --format=%(refname)%00%(upstream:short)%00%(objectname)%00%(upstream:track)%00%(upstream:remotename)%00%(upstream:remoteref) refs/heads/main refs/remotes/main [1ms]
2024-05-22 08:05:31.594 [info] > git status -z -uall [2ms]
2024-05-22 08:05:42.873 [info] > git config --get commit.template [13ms]
2024-05-22 08:05:42.876 [info] > git for-each-ref --format=%(refname)%00%(upstream:short)%00%(objectname)%00%(upstream:track)%00%(upstream:remotename)%00%(upstream:remoteref) refs/heads/main refs/remotes/main [4ms]
2024-05-22 08:05:42.896 [info] > git status -z -uall [8ms]
2024-05-22 08:05:58.029 [info] > git config --get commit.template [15ms]
2024-05-22 08:05:58.031 [info] > git for-each-ref --format=%(refname)%00%(upstream:short)%00%(objectname)%00%(upstream:track)%00%(upstream:remotename)%00%(upstream:remoteref) refs/heads/main refs/remotes/main [4ms]
2024-05-22 08:05:58.050 [info] > git status -z -uall [5ms]
2024-05-22 08:06:08.620 [info] > git config --get commit.template [21ms]
2024-05-22 08:06:08.622 [info] > git for-each-ref --format=%(refname)%00%(upstream:short)%00%(objectname)%00%(upstream:track)%00%(upstream:remotename)%00%(upstream:remoteref) refs/heads/main refs/remotes/main [10ms]
2024-05-22 08:06:08.642 [info] > git status -z -uall [5ms]
2024-05-22 08:06:28.112 [info] > git config --get commit.template [14ms]
2024-05-22 08:06:28.115 [info] > git for-each-ref --format=%(refname)%00%(upstream:short)%00%(objectname)%00%(upstream:track)%00%(upstream:remotename)%00%(upstream:remoteref) refs/heads/main refs/remotes/main [7ms]
2024-05-22 08:06:28.138 [info] > git status -z -uall [8ms]
2024-05-22 08:06:33.202 [info] > git config --get commit.template [4ms]
2024-05-22 08:06:33.203 [info] > git for-each-ref --format=%(refname)%00%(upstream:short)%00%(objectname)%00%(upstream:track)%00%(upstream:remotename)%00%(upstream:remoteref) refs/heads/main refs/remotes/main [2ms]
2024-05-22 08:06:33.211 [info] > git status -z -uall [2ms]
2024-05-22 08:06:45.237 [info] > git config --get commit.template [7ms]
2024-05-22 08:06:45.241 [info] > git for-each-ref --format=%(refname)%00%(upstream:short)%00%(objectname)%00%(upstream:track)%00%(upstream:remotename)%00%(upstream:remoteref) refs/heads/main refs/remotes/main [5ms]
2024-05-22 08:06:45.250 [info] > git status -z -uall [3ms]
2024-05-22 08:08:17.196 [info] > git config --get commit.template [14ms]
2024-05-22 08:08:17.200 [info] > git for-each-ref --format=%(refname)%00%(upstream:short)%00%(objectname)%00%(upstream:track)%00%(upstream:remotename)%00%(upstream:remoteref) refs/heads/main refs/remotes/main [5ms]
2024-05-22 08:08:17.218 [info] > git status -z -uall [6ms]
2024-05-22 08:08:22.251 [info] > git config --get commit.template [14ms]
2024-05-22 08:08:22.254 [info] > git for-each-ref --format=%(refname)%00%(upstream:short)%00%(objectname)%00%(upstream:track)%00%(upstream:remotename)%00%(upstream:remoteref) refs/heads/main refs/remotes/main [5ms]
2024-05-22 08:08:22.269 [info] > git status -z -uall [4ms]
2024-05-22 08:08:27.301 [info] > git config --get commit.template [15ms]
2024-05-22 08:08:27.304 [info] > git for-each-ref --format=%(refname)%00%(upstream:short)%00%(objectname)%00%(upstream:track)%00%(upstream:remotename)%00%(upstream:remoteref) refs/heads/main refs/remotes/main [5ms]
2024-05-22 08:08:27.319 [info] > git status -z -uall [3ms]
2024-05-22 08:08:32.353 [info] > git config --get commit.template [14ms]
2024-05-22 08:08:32.356 [info] > git for-each-ref --format=%(refname)%00%(upstream:short)%00%(objectname)%00%(upstream:track)%00%(upstream:remotename)%00%(upstream:remoteref) refs/heads/main refs/remotes/main [4ms]
2024-05-22 08:08:32.374 [info] > git status -z -uall [4ms]
2024-05-22 08:08:47.566 [info] > git config --get commit.template [19ms]
2024-05-22 08:08:47.571 [info] > git for-each-ref --format=%(refname)%00%(upstream:short)%00%(objectname)%00%(upstream:track)%00%(upstream:remotename)%00%(upstream:remoteref) refs/heads/main refs/remotes/main [6ms]
2024-05-22 08:08:47.584 [info] > git status -z -uall [3ms]
2024-05-22 08:08:52.622 [info] > git config --get commit.template [18ms]
2024-05-22 08:08:52.624 [info] > git for-each-ref --format=%(refname)%00%(upstream:short)%00%(objectname)%00%(upstream:track)%00%(upstream:remotename)%00%(upstream:remoteref) refs/heads/main refs/remotes/main [7ms]
2024-05-22 08:08:52.646 [info] > git status -z -uall [6ms]
2024-05-22 08:09:26.670 [info] > git config --get commit.template [13ms]
2024-05-22 08:09:26.673 [info] > git for-each-ref --format=%(refname)%00%(upstream:short)%00%(objectname)%00%(upstream:track)%00%(upstream:remotename)%00%(upstream:remoteref) refs/heads/main refs/remotes/main [5ms]
2024-05-22 08:09:26.693 [info] > git status -z -uall [6ms]
2024-05-22 08:10:07.069 [info] > git config --get commit.template [5ms]
2024-05-22 08:10:07.070 [info] > git for-each-ref --format=%(refname)%00%(upstream:short)%00%(objectname)%00%(upstream:track)%00%(upstream:remotename)%00%(upstream:remoteref) refs/heads/main refs/remotes/main [2ms]
2024-05-22 08:10:07.079 [info] > git status -z -uall [3ms]
2024-05-22 08:10:12.103 [info] > git config --get commit.template [10ms]
2024-05-22 08:10:12.107 [info] > git for-each-ref --format=%(refname)%00%(upstream:short)%00%(objectname)%00%(upstream:track)%00%(upstream:remotename)%00%(upstream:remoteref) refs/heads/main refs/remotes/main [5ms]
2024-05-22 08:10:12.122 [info] > git status -z -uall [6ms]
2024-05-22 08:10:20.876 [info] > git config --get commit.template [16ms]
2024-05-22 08:10:20.879 [info] > git for-each-ref --format=%(refname)%00%(upstream:short)%00%(objectname)%00%(upstream:track)%00%(upstream:remotename)%00%(upstream:remoteref) refs/heads/main refs/remotes/main [4ms]
2024-05-22 08:10:20.900 [info] > git status -z -uall [7ms]
2024-05-22 08:10:25.933 [info] > git config --get commit.template [12ms]
2024-05-22 08:10:25.937 [info] > git for-each-ref --format=%(refname)%00%(upstream:short)%00%(objectname)%00%(upstream:track)%00%(upstream:remotename)%00%(upstream:remoteref) refs/heads/main refs/remotes/main [5ms]
2024-05-22 08:10:25.954 [info] > git status -z -uall [6ms]
2024-05-22 08:11:09.629 [info] > git config --get commit.template [7ms]
2024-05-22 08:11:09.631 [info] > git for-each-ref --format=%(refname)%00%(upstream:short)%00%(objectname)%00%(upstream:track)%00%(upstream:remotename)%00%(upstream:remoteref) refs/heads/main refs/remotes/main [3ms]
2024-05-22 08:11:09.638 [info] > git status -z -uall [2ms]
2024-05-22 08:11:15.901 [info] > git config --get commit.template [14ms]
2024-05-22 08:11:15.903 [info] > git for-each-ref --format=%(refname)%00%(upstream:short)%00%(objectname)%00%(upstream:track)%00%(upstream:remotename)%00%(upstream:remoteref) refs/heads/main refs/remotes/main [4ms]
2024-05-22 08:11:15.922 [info] > git status -z -uall [6ms]
2024-05-22 08:11:20.956 [info] > git config --get commit.template [14ms]
2024-05-22 08:11:20.958 [info] > git for-each-ref --format=%(refname)%00%(upstream:short)%00%(objectname)%00%(upstream:track)%00%(upstream:remotename)%00%(upstream:remoteref) refs/heads/main refs/remotes/main [4ms]
2024-05-22 08:11:20.973 [info] > git status -z -uall [5ms]
2024-05-22 08:11:26.670 [info] > git config --get commit.template [13ms]
2024-05-22 08:11:26.674 [info] > git for-each-ref --format=%(refname)%00%(upstream:short)%00%(objectname)%00%(upstream:track)%00%(upstream:remotename)%00%(upstream:remoteref) refs/heads/main refs/remotes/main [4ms]
2024-05-22 08:11:26.692 [info] > git status -z -uall [6ms]
2024-05-22 08:11:31.722 [info] > git config --get commit.template [11ms]
2024-05-22 08:11:31.724 [info] > git for-each-ref --format=%(refname)%00%(upstream:short)%00%(objectname)%00%(upstream:track)%00%(upstream:remotename)%00%(upstream:remoteref) refs/heads/main refs/remotes/main [4ms]
2024-05-22 08:11:31.739 [info] > git status -z -uall [4ms]
2024-05-22 08:11:47.806 [info] > git config --get commit.template [9ms]
2024-05-22 08:11:47.807 [info] > git for-each-ref --format=%(refname)%00%(upstream:short)%00%(objectname)%00%(upstream:track)%00%(upstream:remotename)%00%(upstream:remoteref) refs/heads/main refs/remotes/main [2ms]
2024-05-22 08:11:47.814 [info] > git status -z -uall [2ms]
2024-05-22 08:11:58.602 [info] > git config --get commit.template [12ms]
2024-05-22 08:11:58.605 [info] > git for-each-ref --format=%(refname)%00%(upstream:short)%00%(objectname)%00%(upstream:track)%00%(upstream:remotename)%00%(upstream:remoteref) refs/heads/main refs/remotes/main [4ms]
2024-05-22 08:11:58.614 [info] > git status -z -uall [3ms]
2024-05-22 08:12:12.658 [info] > git config --get commit.template [9ms]
2024-05-22 08:12:12.659 [info] > git for-each-ref --format=%(refname)%00%(upstream:short)%00%(objectname)%00%(upstream:track)%00%(upstream:remotename)%00%(upstream:remoteref) refs/heads/main refs/remotes/main [2ms]
2024-05-22 08:12:12.668 [info] > git status -z -uall [4ms]
2024-05-22 08:12:21.030 [info] > git config --get commit.template [14ms]
2024-05-22 08:12:21.032 [info] > git for-each-ref --format=%(refname)%00%(upstream:short)%00%(objectname)%00%(upstream:track)%00%(upstream:remotename)%00%(upstream:remoteref) refs/heads/main refs/remotes/main [4ms]
2024-05-22 08:12:21.052 [info] > git status -z -uall [5ms]
2024-05-22 08:12:26.084 [info] > git config --get commit.template [13ms]
2024-05-22 08:12:26.088 [info] > git for-each-ref --format=%(refname)%00%(upstream:short)%00%(objectname)%00%(upstream:track)%00%(upstream:remotename)%00%(upstream:remoteref) refs/heads/main refs/remotes/main [5ms]
2024-05-22 08:12:26.102 [info] > git status -z -uall [5ms]
2024-05-22 08:12:36.906 [info] > git config --get commit.template [15ms]
2024-05-22 08:12:36.909 [info] > git for-each-ref --format=%(refname)%00%(upstream:short)%00%(objectname)%00%(upstream:track)%00%(upstream:remotename)%00%(upstream:remoteref) refs/heads/main refs/remotes/main [5ms]
2024-05-22 08:12:36.930 [info] > git status -z -uall [7ms]
2024-05-22 08:12:41.967 [info] > git config --get commit.template [14ms]
2024-05-22 08:12:41.970 [info] > git for-each-ref --format=%(refname)%00%(upstream:short)%00%(objectname)%00%(upstream:track)%00%(upstream:remotename)%00%(upstream:remoteref) refs/heads/main refs/remotes/main [5ms]
2024-05-22 08:12:41.988 [info] > git status -z -uall [5ms]
2024-05-22 08:12:57.733 [info] > git config --get commit.template [14ms]
2024-05-22 08:12:57.736 [info] > git for-each-ref --format=%(refname)%00%(upstream:short)%00%(objectname)%00%(upstream:track)%00%(upstream:remotename)%00%(upstream:remoteref) refs/heads/main refs/remotes/main [5ms]
2024-05-22 08:12:57.754 [info] > git status -z -uall [6ms]
2024-05-22 08:13:02.776 [info] > git config --get commit.template [3ms]
2024-05-22 08:13:02.790 [info] > git for-each-ref --format=%(refname)%00%(upstream:short)%00%(objectname)%00%(upstream:track)%00%(upstream:remotename)%00%(upstream:remoteref) refs/heads/main refs/remotes/main [5ms]
2024-05-22 08:13:02.805 [info] > git status -z -uall [5ms]
2024-05-22 08:13:17.821 [info] > git config --get commit.template [7ms]
2024-05-22 08:13:17.822 [info] > git for-each-ref --format=%(refname)%00%(upstream:short)%00%(objectname)%00%(upstream:track)%00%(upstream:remotename)%00%(upstream:remoteref) refs/heads/main refs/remotes/main [2ms]
2024-05-22 08:13:17.831 [info] > git status -z -uall [3ms]
2024-05-22 08:13:51.001 [info] > git config --get commit.template [2ms]
2024-05-22 08:13:51.008 [info] > git for-each-ref --format=%(refname)%00%(upstream:short)%00%(objectname)%00%(upstream:track)%00%(upstream:remotename)%00%(upstream:remoteref) refs/heads/main refs/remotes/main [2ms]
2024-05-22 08:13:51.015 [info] > git status -z -uall [3ms]
2024-05-22 08:13:58.901 [info] > git config --get commit.template [12ms]
2024-05-22 08:13:58.904 [info] > git for-each-ref --format=%(refname)%00%(upstream:short)%00%(objectname)%00%(upstream:track)%00%(upstream:remotename)%00%(upstream:remoteref) refs/heads/main refs/remotes/main [4ms]
2024-05-22 08:13:58.921 [info] > git status -z -uall [5ms]
2024-05-22 08:14:03.955 [info] > git config --get commit.template [13ms]
2024-05-22 08:14:03.957 [info] > git for-each-ref --format=%(refname)%00%(upstream:short)%00%(objectname)%00%(upstream:track)%00%(upstream:remotename)%00%(upstream:remoteref) refs/heads/main refs/remotes/main [4ms]
2024-05-22 08:14:03.975 [info] > git status -z -uall [5ms]
2024-05-22 08:14:09.949 [info] > git config --get commit.template [18ms]
2024-05-22 08:14:09.950 [info] > git for-each-ref --format=%(refname)%00%(upstream:short)%00%(objectname)%00%(upstream:track)%00%(upstream:remotename)%00%(upstream:remoteref) refs/heads/main refs/remotes/main [4ms]
2024-05-22 08:14:09.970 [info] > git status -z -uall [6ms]
2024-05-22 08:14:15.312 [info] > git config --get commit.template [2ms]
2024-05-22 08:14:15.319 [info] > git for-each-ref --format=%(refname)%00%(upstream:short)%00%(objectname)%00%(upstream:track)%00%(upstream:remotename)%00%(upstream:remoteref) refs/heads/main refs/remotes/main [2ms]
2024-05-22 08:14:15.328 [info] > git status -z -uall [3ms]
2024-05-22 08:14:31.812 [info] > git config --get commit.template [1ms]
2024-05-22 08:14:31.818 [info] > git for-each-ref --format=%(refname)%00%(upstream:short)%00%(objectname)%00%(upstream:track)%00%(upstream:remotename)%00%(upstream:remoteref) refs/heads/main refs/remotes/main [2ms]
2024-05-22 08:14:31.823 [info] > git status -z -uall [1ms]
2024-05-22 08:14:36.857 [info] > git config --get commit.template [17ms]
2024-05-22 08:14:36.860 [info] > git for-each-ref --format=%(refname)%00%(upstream:short)%00%(objectname)%00%(upstream:track)%00%(upstream:remotename)%00%(upstream:remoteref) refs/heads/main refs/remotes/main [6ms]
2024-05-22 08:14:36.879 [info] > git status -z -uall [5ms]
2024-05-22 08:14:44.897 [info] > git config --get commit.template [3ms]
2024-05-22 08:14:44.907 [info] > git for-each-ref --format=%(refname)%00%(upstream:short)%00%(objectname)%00%(upstream:track)%00%(upstream:remotename)%00%(upstream:remoteref) refs/heads/main refs/remotes/main [2ms]
2024-05-22 08:14:44.917 [info] > git status -z -uall [2ms]
2024-05-22 08:15:06.467 [info] > git config --get commit.template [3ms]
2024-05-22 08:15:06.474 [info] > git for-each-ref --format=%(refname)%00%(upstream:short)%00%(objectname)%00%(upstream:track)%00%(upstream:remotename)%00%(upstream:remoteref) refs/heads/main refs/remotes/main [1ms]
2024-05-22 08:15:06.483 [info] > git status -z -uall [2ms]
2024-05-22 08:15:13.740 [info] > git config --get commit.template [13ms]
2024-05-22 08:15:13.743 [info] > git for-each-ref --format=%(refname)%00%(upstream:short)%00%(objectname)%00%(upstream:track)%00%(upstream:remotename)%00%(upstream:remoteref) refs/heads/main refs/remotes/main [4ms]
2024-05-22 08:15:13.760 [info] > git status -z -uall [5ms]
2024-05-22 08:15:18.792 [info] > git config --get commit.template [13ms]
2024-05-22 08:15:18.793 [info] > git for-each-ref --format=%(refname)%00%(upstream:short)%00%(objectname)%00%(upstream:track)%00%(upstream:remotename)%00%(upstream:remoteref) refs/heads/main refs/remotes/main [2ms]
2024-05-22 08:15:18.804 [info] > git status -z -uall [2ms]
2024-05-22 08:18:13.471 [info] > git config --get commit.template [14ms]
2024-05-22 08:18:13.474 [info] > git for-each-ref --format=%(refname)%00%(upstream:short)%00%(objectname)%00%(upstream:track)%00%(upstream:remotename)%00%(upstream:remoteref) refs/heads/main refs/remotes/main [4ms]
2024-05-22 08:18:13.491 [info] > git status -z -uall [5ms]
2024-05-22 08:19:25.085 [info] > git config --get commit.template [3ms]
2024-05-22 08:19:25.090 [info] > git for-each-ref --format=%(refname)%00%(upstream:short)%00%(objectname)%00%(upstream:track)%00%(upstream:remotename)%00%(upstream:remoteref) refs/heads/main refs/remotes/main [2ms]
2024-05-22 08:19:25.095 [info] > git status -z -uall [1ms]
2024-05-22 08:19:32.120 [info] > git config --get commit.template [12ms]
2024-05-22 08:19:32.123 [info] > git for-each-ref --format=%(refname)%00%(upstream:short)%00%(objectname)%00%(upstream:track)%00%(upstream:remotename)%00%(upstream:remoteref) refs/heads/main refs/remotes/main [4ms]
2024-05-22 08:19:32.140 [info] > git status -z -uall [5ms]
2024-05-22 08:19:37.173 [info] > git config --get commit.template [12ms]
2024-05-22 08:19:37.175 [info] > git for-each-ref --format=%(refname)%00%(upstream:short)%00%(objectname)%00%(upstream:track)%00%(upstream:remotename)%00%(upstream:remoteref) refs/heads/main refs/remotes/main [4ms]
2024-05-22 08:19:37.192 [info] > git status -z -uall [6ms]
