2024-05-21 22:00:28.545 [info] Getting Manifest... ms-vscode.cpptools-extension-pack
2024-05-21 22:00:28.560 [info] Installing extension: ms-vscode.cpptools-extension-pack
2024-05-21 22:00:30.177 [info] Getting Manifest... ms-vscode.cpptools
2024-05-21 22:00:30.405 [info] Getting Manifest... ms-vscode.cmake-tools
2024-05-21 22:00:30.953 [info] Getting Manifest... twxs.cmake
2024-05-21 22:00:32.080 [info] Getting Manifest... ms-vscode.cpptools-themes
2024-05-21 22:00:32.585 [info] Installing extension: ms-vscode.cpptools
2024-05-21 22:00:32.586 [info] Installing extension: ms-vscode.cmake-tools
2024-05-21 22:00:32.586 [info] Installing extension: twxs.cmake
2024-05-21 22:00:32.586 [info] Installing extension: ms-vscode.cpptools-themes
2024-05-21 22:00:49.260 [info] Extension signature verification result for ms-vscode.cpptools-themes: Success. Duration: 3336ms.
2024-05-21 22:00:49.316 [info] Extracted extension to file:///home/ahmedsat/.vscode/extensions/ms-vscode.cpptools-themes-2.0.0: ms-vscode.cpptools-themes
2024-05-21 22:00:49.320 [info] Renamed to /home/ahmedsat/.vscode/extensions/ms-vscode.cpptools-themes-2.0.0
2024-05-21 22:00:49.323 [info] Extracting extension completed. ms-vscode.cpptools-themes
2024-05-21 22:00:49.430 [error] [uncaught exception in sharedProcess]: Error: ENOENT: no such file or directory, stat '/home/ahmedsat/.vscode/extensions/extensions.json.vsctmp': EntryNotFound (FileSystemError): Error: ENOENT: no such file or directory, stat '/home/ahmedsat/.vscode/extensions/extensions.json.vsctmp'
    at a.create (/usr/share/code/resources/app/out/vs/code/node/sharedProcess/sharedProcessMain.js:53:30019)
    at b (/usr/share/code/resources/app/out/vs/code/node/sharedProcess/sharedProcessMain.js:53:30130)
    at t.hb (/usr/share/code/resources/app/out/vs/code/node/sharedProcess/sharedProcessMain.js:58:36600)
    at t.stat (/usr/share/code/resources/app/out/vs/code/node/sharedProcess/sharedProcessMain.js:58:29040)
    at async $.stat (/usr/share/code/resources/app/out/vs/code/node/sharedProcess/sharedProcessMain.js:58:16186)
    at async J.sb (/usr/share/code/resources/app/out/vs/code/node/sharedProcess/sharedProcessMain.js:104:109501)
2024-05-21 22:00:50.519 [info] Extension signature verification result for ms-vscode.cpptools-extension-pack: Success. Duration: 4590ms.
2024-05-21 22:00:50.545 [info] Extracted extension to file:///home/ahmedsat/.vscode/extensions/ms-vscode.cpptools-extension-pack-1.3.0: ms-vscode.cpptools-extension-pack
2024-05-21 22:00:50.551 [info] Renamed to /home/ahmedsat/.vscode/extensions/ms-vscode.cpptools-extension-pack-1.3.0
2024-05-21 22:00:50.554 [info] Extracting extension completed. ms-vscode.cpptools-extension-pack
2024-05-21 22:00:50.640 [error] [uncaught exception in sharedProcess]: Error: ENOENT: no such file or directory, stat '/home/ahmedsat/.vscode/extensions/extensions.json.vsctmp': EntryNotFound (FileSystemError): Error: ENOENT: no such file or directory, stat '/home/ahmedsat/.vscode/extensions/extensions.json.vsctmp'
    at a.create (/usr/share/code/resources/app/out/vs/code/node/sharedProcess/sharedProcessMain.js:53:30019)
    at b (/usr/share/code/resources/app/out/vs/code/node/sharedProcess/sharedProcessMain.js:53:30130)
    at t.hb (/usr/share/code/resources/app/out/vs/code/node/sharedProcess/sharedProcessMain.js:58:36600)
    at t.stat (/usr/share/code/resources/app/out/vs/code/node/sharedProcess/sharedProcessMain.js:58:29040)
    at async $.stat (/usr/share/code/resources/app/out/vs/code/node/sharedProcess/sharedProcessMain.js:58:16186)
    at async J.sb (/usr/share/code/resources/app/out/vs/code/node/sharedProcess/sharedProcessMain.js:104:109501)
2024-05-21 22:00:59.706 [info] Extension signature verification result for ms-vscode.cmake-tools: Success. Duration: 1412ms.
2024-05-21 22:01:00.014 [info] Extension signature verification result for twxs.cmake: Success. Duration: 1610ms.
2024-05-21 22:01:00.156 [info] Extracted extension to file:///home/ahmedsat/.vscode/extensions/ms-vscode.cmake-tools-1.17.17: ms-vscode.cmake-tools
2024-05-21 22:01:00.164 [info] Renamed to /home/ahmedsat/.vscode/extensions/ms-vscode.cmake-tools-1.17.17
2024-05-21 22:01:00.173 [warning] [cmake-tools]: Couldn't find message for key cmake-tools.configuration.cmake.options.advanced.statusBarLength.description.
2024-05-21 22:01:00.173 [warning] [cmake-tools]: Couldn't find message for key cmake-tools.configuration.cmake.options.advanced.statusBarLength.description.
2024-05-21 22:01:00.174 [warning] [cmake-tools]: Couldn't find message for key cmake-tools.configuration.cmake.options.advanced.statusBarLength.description.
2024-05-21 22:01:00.174 [warning] [cmake-tools]: Couldn't find message for key cmake-tools.configuration.cmake.options.advanced.statusBarLength.description.
2024-05-21 22:01:00.174 [warning] [cmake-tools]: Couldn't find message for key cmake-tools.configuration.cmake.options.advanced.statusBarLength.description.
2024-05-21 22:01:00.175 [warning] [cmake-tools]: Couldn't find message for key cmake-tools.configuration.cmake.options.advanced.statusBarLength.description.
2024-05-21 22:01:00.175 [warning] [cmake-tools]: Couldn't find message for key cmake-tools.configuration.cmake.options.advanced.statusBarLength.description.
2024-05-21 22:01:00.175 [warning] [cmake-tools]: Couldn't find message for key cmake-tools.configuration.cmake.options.advanced.statusBarLength.description.
2024-05-21 22:01:00.175 [warning] [cmake-tools]: Couldn't find message for key cmake-tools.configuration.cmake.options.advanced.statusBarLength.description.
2024-05-21 22:01:00.176 [warning] [cmake-tools]: Couldn't find message for key cmake-tools.configuration.cmake.options.advanced.statusBarLength.description.
2024-05-21 22:01:00.176 [warning] [cmake-tools]: Couldn't find message for key cmake-tools.configuration.cmake.options.advanced.statusBarLength.description.
2024-05-21 22:01:00.176 [warning] [cmake-tools]: Couldn't find message for key cmake-tools.configuration.cmake.options.advanced.statusBarLength.description.
2024-05-21 22:01:00.178 [info] Extracting extension completed. ms-vscode.cmake-tools
2024-05-21 22:01:00.215 [error] [uncaught exception in sharedProcess]: Error: ENOENT: no such file or directory, stat '/home/ahmedsat/.vscode/extensions/extensions.json.vsctmp': EntryNotFound (FileSystemError): Error: ENOENT: no such file or directory, stat '/home/ahmedsat/.vscode/extensions/extensions.json.vsctmp'
    at a.create (/usr/share/code/resources/app/out/vs/code/node/sharedProcess/sharedProcessMain.js:53:30019)
    at b (/usr/share/code/resources/app/out/vs/code/node/sharedProcess/sharedProcessMain.js:53:30130)
    at t.hb (/usr/share/code/resources/app/out/vs/code/node/sharedProcess/sharedProcessMain.js:58:36600)
    at t.stat (/usr/share/code/resources/app/out/vs/code/node/sharedProcess/sharedProcessMain.js:58:29040)
    at async $.stat (/usr/share/code/resources/app/out/vs/code/node/sharedProcess/sharedProcessMain.js:58:16186)
    at async J.sb (/usr/share/code/resources/app/out/vs/code/node/sharedProcess/sharedProcessMain.js:104:109501)
2024-05-21 22:01:00.309 [info] Extracted extension to file:///home/ahmedsat/.vscode/extensions/twxs.cmake-0.0.17: twxs.cmake
2024-05-21 22:01:00.312 [info] Renamed to /home/ahmedsat/.vscode/extensions/twxs.cmake-0.0.17
2024-05-21 22:01:00.315 [info] Extracting extension completed. twxs.cmake
2024-05-21 22:02:54.570 [warning] [cmake-tools]: Couldn't find message for key cmake-tools.configuration.cmake.options.advanced.statusBarLength.description.
2024-05-21 22:02:54.570 [warning] [cmake-tools]: Couldn't find message for key cmake-tools.configuration.cmake.options.advanced.statusBarLength.description.
2024-05-21 22:02:54.570 [warning] [cmake-tools]: Couldn't find message for key cmake-tools.configuration.cmake.options.advanced.statusBarLength.description.
2024-05-21 22:02:54.570 [warning] [cmake-tools]: Couldn't find message for key cmake-tools.configuration.cmake.options.advanced.statusBarLength.description.
2024-05-21 22:02:54.571 [warning] [cmake-tools]: Couldn't find message for key cmake-tools.configuration.cmake.options.advanced.statusBarLength.description.
2024-05-21 22:02:54.571 [warning] [cmake-tools]: Couldn't find message for key cmake-tools.configuration.cmake.options.advanced.statusBarLength.description.
2024-05-21 22:02:54.571 [warning] [cmake-tools]: Couldn't find message for key cmake-tools.configuration.cmake.options.advanced.statusBarLength.description.
2024-05-21 22:02:54.571 [warning] [cmake-tools]: Couldn't find message for key cmake-tools.configuration.cmake.options.advanced.statusBarLength.description.
2024-05-21 22:02:54.571 [warning] [cmake-tools]: Couldn't find message for key cmake-tools.configuration.cmake.options.advanced.statusBarLength.description.
2024-05-21 22:02:54.572 [warning] [cmake-tools]: Couldn't find message for key cmake-tools.configuration.cmake.options.advanced.statusBarLength.description.
2024-05-21 22:02:54.572 [warning] [cmake-tools]: Couldn't find message for key cmake-tools.configuration.cmake.options.advanced.statusBarLength.description.
2024-05-21 22:02:54.572 [warning] [cmake-tools]: Couldn't find message for key cmake-tools.configuration.cmake.options.advanced.statusBarLength.description.
2024-05-21 22:04:50.283 [warning] [cmake-tools]: Couldn't find message for key cmake-tools.configuration.cmake.options.advanced.statusBarLength.description.
2024-05-21 22:04:50.283 [warning] [cmake-tools]: Couldn't find message for key cmake-tools.configuration.cmake.options.advanced.statusBarLength.description.
2024-05-21 22:04:50.283 [warning] [cmake-tools]: Couldn't find message for key cmake-tools.configuration.cmake.options.advanced.statusBarLength.description.
2024-05-21 22:04:50.283 [warning] [cmake-tools]: Couldn't find message for key cmake-tools.configuration.cmake.options.advanced.statusBarLength.description.
2024-05-21 22:04:50.283 [warning] [cmake-tools]: Couldn't find message for key cmake-tools.configuration.cmake.options.advanced.statusBarLength.description.
2024-05-21 22:04:50.284 [warning] [cmake-tools]: Couldn't find message for key cmake-tools.configuration.cmake.options.advanced.statusBarLength.description.
2024-05-21 22:04:50.284 [warning] [cmake-tools]: Couldn't find message for key cmake-tools.configuration.cmake.options.advanced.statusBarLength.description.
2024-05-21 22:04:50.284 [warning] [cmake-tools]: Couldn't find message for key cmake-tools.configuration.cmake.options.advanced.statusBarLength.description.
2024-05-21 22:04:50.284 [warning] [cmake-tools]: Couldn't find message for key cmake-tools.configuration.cmake.options.advanced.statusBarLength.description.
2024-05-21 22:04:50.284 [warning] [cmake-tools]: Couldn't find message for key cmake-tools.configuration.cmake.options.advanced.statusBarLength.description.
2024-05-21 22:04:50.285 [warning] [cmake-tools]: Couldn't find message for key cmake-tools.configuration.cmake.options.advanced.statusBarLength.description.
2024-05-21 22:04:50.285 [warning] [cmake-tools]: Couldn't find message for key cmake-tools.configuration.cmake.options.advanced.statusBarLength.description.
2024-05-21 22:04:50.329 [warning] [cmake-tools]: Couldn't find message for key cmake-tools.configuration.cmake.options.advanced.statusBarLength.description.
2024-05-21 22:04:50.329 [warning] [cmake-tools]: Couldn't find message for key cmake-tools.configuration.cmake.options.advanced.statusBarLength.description.
2024-05-21 22:04:50.330 [warning] [cmake-tools]: Couldn't find message for key cmake-tools.configuration.cmake.options.advanced.statusBarLength.description.
2024-05-21 22:04:50.330 [warning] [cmake-tools]: Couldn't find message for key cmake-tools.configuration.cmake.options.advanced.statusBarLength.description.
2024-05-21 22:04:50.330 [warning] [cmake-tools]: Couldn't find message for key cmake-tools.configuration.cmake.options.advanced.statusBarLength.description.
2024-05-21 22:04:50.330 [warning] [cmake-tools]: Couldn't find message for key cmake-tools.configuration.cmake.options.advanced.statusBarLength.description.
2024-05-21 22:04:50.331 [warning] [cmake-tools]: Couldn't find message for key cmake-tools.configuration.cmake.options.advanced.statusBarLength.description.
2024-05-21 22:04:50.331 [warning] [cmake-tools]: Couldn't find message for key cmake-tools.configuration.cmake.options.advanced.statusBarLength.description.
2024-05-21 22:04:50.331 [warning] [cmake-tools]: Couldn't find message for key cmake-tools.configuration.cmake.options.advanced.statusBarLength.description.
2024-05-21 22:04:50.331 [warning] [cmake-tools]: Couldn't find message for key cmake-tools.configuration.cmake.options.advanced.statusBarLength.description.
2024-05-21 22:04:50.331 [warning] [cmake-tools]: Couldn't find message for key cmake-tools.configuration.cmake.options.advanced.statusBarLength.description.
2024-05-21 22:04:50.331 [warning] [cmake-tools]: Couldn't find message for key cmake-tools.configuration.cmake.options.advanced.statusBarLength.description.
2024-05-21 22:07:54.637 [warning] [cmake-tools]: Couldn't find message for key cmake-tools.configuration.cmake.options.advanced.statusBarLength.description.
2024-05-21 22:07:54.637 [warning] [cmake-tools]: Couldn't find message for key cmake-tools.configuration.cmake.options.advanced.statusBarLength.description.
2024-05-21 22:07:54.637 [warning] [cmake-tools]: Couldn't find message for key cmake-tools.configuration.cmake.options.advanced.statusBarLength.description.
2024-05-21 22:07:54.637 [warning] [cmake-tools]: Couldn't find message for key cmake-tools.configuration.cmake.options.advanced.statusBarLength.description.
2024-05-21 22:07:54.638 [warning] [cmake-tools]: Couldn't find message for key cmake-tools.configuration.cmake.options.advanced.statusBarLength.description.
2024-05-21 22:07:54.638 [warning] [cmake-tools]: Couldn't find message for key cmake-tools.configuration.cmake.options.advanced.statusBarLength.description.
2024-05-21 22:07:54.638 [warning] [cmake-tools]: Couldn't find message for key cmake-tools.configuration.cmake.options.advanced.statusBarLength.description.
2024-05-21 22:07:54.638 [warning] [cmake-tools]: Couldn't find message for key cmake-tools.configuration.cmake.options.advanced.statusBarLength.description.
2024-05-21 22:07:54.638 [warning] [cmake-tools]: Couldn't find message for key cmake-tools.configuration.cmake.options.advanced.statusBarLength.description.
2024-05-21 22:07:54.638 [warning] [cmake-tools]: Couldn't find message for key cmake-tools.configuration.cmake.options.advanced.statusBarLength.description.
2024-05-21 22:07:54.639 [warning] [cmake-tools]: Couldn't find message for key cmake-tools.configuration.cmake.options.advanced.statusBarLength.description.
2024-05-21 22:07:54.639 [warning] [cmake-tools]: Couldn't find message for key cmake-tools.configuration.cmake.options.advanced.statusBarLength.description.
