2024-05-22 07:46:57.461 [info] update#setState idle
2024-05-22 07:47:27.464 [info] update#setState checking for updates
2024-05-22 07:47:36.810 [error] update#isLatestVersion(): failed to check for updates
2024-05-22 07:47:36.811 [error] Error: net::ERR_NAME_NOT_RESOLVED
    at SimpleURLLoaderWrapper.<anonymous> (node:electron/js2c/browser_init:2:108522)
    at SimpleURLLoaderWrapper.emit (node:events:517:28)
2024-05-22 07:47:36.818 [error] update#isLatestVersion(): failed to check for updates
2024-05-22 07:47:36.819 [error] Error: net::ERR_NAME_NOT_RESOLVED
    at SimpleURLLoaderWrapper.<anonymous> (node:electron/js2c/browser_init:2:108522)
    at SimpleURLLoaderWrapper.emit (node:events:517:28)
2024-05-22 07:48:06.720 [error] Error: net::ERR_NAME_NOT_RESOLVED
    at SimpleURLLoaderWrapper.<anonymous> (node:electron/js2c/browser_init:2:108522)
    at SimpleURLLoaderWrapper.emit (node:events:517:28)
2024-05-22 07:48:06.721 [info] update#setState idle
2024-05-22 08:47:27.471 [info] update#setState checking for updates
2024-05-22 08:48:20.235 [error] Error: net::ERR_NAME_NOT_RESOLVED
    at SimpleURLLoaderWrapper.<anonymous> (node:electron/js2c/browser_init:2:108522)
    at SimpleURLLoaderWrapper.emit (node:events:517:28)
2024-05-22 08:48:20.241 [info] update#setState idle
2024-05-22 09:47:45.340 [info] update#setState checking for updates
2024-05-22 09:47:59.489 [info] update#setState idle
2024-05-22 09:50:49.406 [info] Extension host with pid 2554 exited with code: 0, signal: unknown.
