2024-05-21 21:59:20.606 [info] Log level: Info
2024-05-21 21:59:20.606 [info] Validating found git in: "git"
2024-05-21 21:59:20.606 [info] Using git "2.45.1" from "git"
2024-05-21 21:59:20.606 [info] > git rev-parse --show-toplevel [9ms]
2024-05-21 21:59:20.607 [info] > git rev-parse --git-dir --git-common-dir [2ms]
2024-05-21 21:59:20.630 [info] Open repository: /home/ahmedsat/src/ray-test
2024-05-21 21:59:20.652 [info] > git config --get commit.template [6ms]
2024-05-21 21:59:20.661 [info] > git for-each-ref --format=%(refname)%00%(upstream:short)%00%(objectname)%00%(upstream:track)%00%(upstream:remotename)%00%(upstream:remoteref) refs/heads/main refs/remotes/main [3ms]
2024-05-21 21:59:20.675 [info] > git status -z -uall [4ms]
2024-05-21 21:59:20.714 [info] > git merge-base refs/heads/main refs/remotes/origin/main [18ms]
2024-05-21 21:59:20.728 [info] > git rev-list --count --left-right refs/heads/main...refs/remotes/origin/main [5ms]
2024-05-21 21:59:20.736 [info] > git config --get commit.template [23ms]
2024-05-21 21:59:20.746 [info] > git diff --name-status -z --diff-filter=ADMR b4472732bc6ca3612f5fb0ab4226e3b33827eff6...refs/remotes/origin/main [10ms]
2024-05-21 21:59:20.770 [info] > git for-each-ref --format=%(refname)%00%(upstream:short)%00%(objectname)%00%(upstream:track)%00%(upstream:remotename)%00%(upstream:remoteref) refs/heads/main refs/remotes/main [26ms]
2024-05-21 21:59:20.793 [info] > git status -z -uall [3ms]
2024-05-21 21:59:21.165 [info] > git check-ignore -v -z --stdin [4ms]
2024-05-21 21:59:39.256 [info] > git check-ignore -v -z --stdin [2ms]
2024-05-21 21:59:39.816 [info] > git config --get commit.template [7ms]
2024-05-21 21:59:39.817 [info] > git for-each-ref --format=%(refname)%00%(upstream:short)%00%(objectname)%00%(upstream:track)%00%(upstream:remotename)%00%(upstream:remoteref) refs/heads/main refs/remotes/main [2ms]
2024-05-21 21:59:39.823 [info] > git status -z -uall [1ms]
2024-05-21 22:00:11.689 [info] > git config --get commit.template [4ms]
2024-05-21 22:00:11.690 [info] > git for-each-ref --format=%(refname)%00%(upstream:short)%00%(objectname)%00%(upstream:track)%00%(upstream:remotename)%00%(upstream:remoteref) refs/heads/main refs/remotes/main [2ms]
2024-05-21 22:00:11.695 [info] > git status -z -uall [2ms]
2024-05-21 22:00:21.622 [info] > git show --textconv :nob.c [6ms]
2024-05-21 22:00:21.624 [info] > git ls-files --stage -- /home/ahmedsat/src/ray-test/nob.c [3ms]
2024-05-21 22:00:21.840 [info] > git check-ignore -v -z --stdin [2ms]
2024-05-21 22:00:22.451 [info] > git config --get commit.template [4ms]
2024-05-21 22:00:22.452 [info] > git for-each-ref --format=%(refname)%00%(upstream:short)%00%(objectname)%00%(upstream:track)%00%(upstream:remotename)%00%(upstream:remoteref) refs/heads/main refs/remotes/main [2ms]
2024-05-21 22:00:22.459 [info] > git status -z -uall [2ms]
2024-05-21 22:00:30.565 [info] > git show --textconv :nob.c [12ms]
2024-05-21 22:00:30.568 [info] > git ls-files --stage -- /home/ahmedsat/src/ray-test/nob.c [5ms]
2024-05-21 22:03:19.754 [info] > git check-ignore -v -z --stdin [2ms]
2024-05-21 22:03:20.312 [info] > git config --get commit.template [6ms]
2024-05-21 22:03:20.313 [info] > git for-each-ref --format=%(refname)%00%(upstream:short)%00%(objectname)%00%(upstream:track)%00%(upstream:remotename)%00%(upstream:remoteref) refs/heads/main refs/remotes/main [2ms]
2024-05-21 22:03:20.318 [info] > git status -z -uall [2ms]
2024-05-21 22:03:25.798 [info] > git config --get commit.template [13ms]
2024-05-21 22:03:25.801 [info] > git for-each-ref --format=%(refname)%00%(upstream:short)%00%(objectname)%00%(upstream:track)%00%(upstream:remotename)%00%(upstream:remoteref) refs/heads/main refs/remotes/main [6ms]
2024-05-21 22:03:25.817 [info] > git status -z -uall [4ms]
2024-05-21 22:04:30.761 [info] > git config --get commit.template [10ms]
2024-05-21 22:04:30.762 [info] > git for-each-ref --format=%(refname)%00%(upstream:short)%00%(objectname)%00%(upstream:track)%00%(upstream:remotename)%00%(upstream:remoteref) refs/heads/main refs/remotes/main [3ms]
2024-05-21 22:04:30.767 [info] > git status -z -uall [1ms]
2024-05-21 22:05:05.176 [info] > git show --textconv :nob.c [14ms]
2024-05-21 22:05:05.179 [info] > git ls-files --stage -- /home/ahmedsat/src/ray-test/nob.c [5ms]
2024-05-21 22:06:26.257 [info] > git config --get commit.template [4ms]
2024-05-21 22:06:26.258 [info] > git for-each-ref --format=%(refname)%00%(upstream:short)%00%(objectname)%00%(upstream:track)%00%(upstream:remotename)%00%(upstream:remoteref) refs/heads/main refs/remotes/main [1ms]
2024-05-21 22:06:26.263 [info] > git status -z -uall [1ms]
2024-05-21 22:06:31.999 [info] > git config --get commit.template [10ms]
2024-05-21 22:06:32.001 [info] > git for-each-ref --format=%(refname)%00%(upstream:short)%00%(objectname)%00%(upstream:track)%00%(upstream:remotename)%00%(upstream:remoteref) refs/heads/main refs/remotes/main [4ms]
2024-05-21 22:06:32.015 [info] > git status -z -uall [5ms]
2024-05-21 22:06:46.767 [info] > git config --get commit.template [11ms]
2024-05-21 22:06:46.770 [info] > git for-each-ref --format=%(refname)%00%(upstream:short)%00%(objectname)%00%(upstream:track)%00%(upstream:remotename)%00%(upstream:remoteref) refs/heads/main refs/remotes/main [4ms]
2024-05-21 22:06:46.784 [info] > git status -z -uall [4ms]
2024-05-21 22:07:47.809 [info] > git check-ignore -v -z --stdin [5ms]
2024-05-21 22:07:49.524 [info] > git check-ignore -v -z --stdin [2ms]
2024-05-21 22:07:50.467 [info] > git show --textconv :include/nob.h [10ms]
2024-05-21 22:07:50.471 [info] > git ls-files --stage -- /home/ahmedsat/src/ray-test/include/nob.h [5ms]
2024-05-21 22:07:55.013 [info] > git show --textconv :nob.c [8ms]
2024-05-21 22:07:55.014 [info] > git ls-files --stage -- /home/ahmedsat/src/ray-test/nob.c [2ms]
2024-05-21 22:08:03.337 [info] > git show --textconv :include/nob.h [4ms]
2024-05-21 22:08:03.339 [info] > git ls-files --stage -- /home/ahmedsat/src/ray-test/include/nob.h [2ms]
2024-05-21 22:08:25.720 [info] > git show --textconv :nob.c [10ms]
2024-05-21 22:08:25.723 [info] > git ls-files --stage -- /home/ahmedsat/src/ray-test/nob.c [4ms]
2024-05-21 22:08:36.176 [info] > git show --textconv :include/nob.h [5ms]
2024-05-21 22:08:36.177 [info] > git ls-files --stage -- /home/ahmedsat/src/ray-test/include/nob.h [2ms]
2024-05-21 22:08:38.235 [info] > git show --textconv :nob.c [12ms]
2024-05-21 22:08:38.238 [info] > git ls-files --stage -- /home/ahmedsat/src/ray-test/nob.c [4ms]
2024-05-21 22:09:00.547 [info] > git config --get commit.template [4ms]
2024-05-21 22:09:00.548 [info] > git for-each-ref --format=%(refname)%00%(upstream:short)%00%(objectname)%00%(upstream:track)%00%(upstream:remotename)%00%(upstream:remoteref) refs/heads/main refs/remotes/main [2ms]
2024-05-21 22:09:00.554 [info] > git status -z -uall [2ms]
