2024-05-21 22:21:48.891 [info] Log level: Info
2024-05-21 22:21:48.891 [info] Validating found git in: "git"
2024-05-21 22:21:48.891 [info] Using git "2.45.1" from "git"
2024-05-21 22:21:48.891 [info] > git rev-parse --show-toplevel [13ms]
2024-05-21 22:21:48.894 [info] > git rev-parse --git-dir --git-common-dir [4ms]
2024-05-21 22:21:48.917 [info] Open repository: /home/ahmedsat/src/ray-test
2024-05-21 22:21:48.945 [info] > git rev-parse --show-toplevel [14ms]
2024-05-21 22:21:48.950 [info] > git config --get commit.template [24ms]
2024-05-21 22:21:48.958 [info] > git for-each-ref --format=%(refname)%00%(upstream:short)%00%(objectname)%00%(upstream:track)%00%(upstream:remotename)%00%(upstream:remoteref) refs/heads/main refs/remotes/main [2ms]
2024-05-21 22:21:48.968 [info] > git status -z -uall [3ms]
2024-05-21 22:21:48.993 [info] > git merge-base refs/heads/main refs/remotes/origin/main [18ms]
2024-05-21 22:21:49.002 [info] > git config --get commit.template [9ms]
2024-05-21 22:21:49.035 [info] > git rev-list --count --left-right refs/heads/main...refs/remotes/origin/main [35ms]
2024-05-21 22:21:49.092 [info] > git for-each-ref --format=%(refname)%00%(upstream:short)%00%(objectname)%00%(upstream:track)%00%(upstream:remotename)%00%(upstream:remoteref) refs/heads/main refs/remotes/main [45ms]
2024-05-21 22:21:49.093 [info] > git diff --name-status -z --diff-filter=ADMR b4472732bc6ca3612f5fb0ab4226e3b33827eff6...refs/remotes/origin/main [52ms]
2024-05-21 22:21:49.107 [info] > git status -z -uall [2ms]
2024-05-21 22:21:49.610 [info] > git check-ignore -v -z --stdin [3ms]
2024-05-21 22:21:49.919 [info] > git show --textconv :nob.c [8ms]
2024-05-21 22:21:49.921 [info] > git ls-files --stage -- /home/ahmedsat/src/ray-test/nob.c [3ms]
2024-05-21 22:25:05.402 [info] > git check-ignore -v -z --stdin [1ms]
2024-05-21 22:25:51.580 [info] > git check-ignore -v -z --stdin [2ms]
2024-05-21 22:25:52.150 [info] > git config --get commit.template [5ms]
2024-05-21 22:25:52.151 [info] > git for-each-ref --format=%(refname)%00%(upstream:short)%00%(objectname)%00%(upstream:track)%00%(upstream:remotename)%00%(upstream:remoteref) refs/heads/main refs/remotes/main [2ms]
2024-05-21 22:25:52.157 [info] > git status -z -uall [2ms]
2024-05-21 22:26:30.739 [info] > git check-ignore -v -z --stdin [2ms]
2024-05-21 22:26:40.574 [info] > git check-ignore -v -z --stdin [3ms]
2024-05-21 22:27:13.973 [info] > git config --get commit.template [6ms]
2024-05-21 22:27:13.974 [info] > git for-each-ref --format=%(refname)%00%(upstream:short)%00%(objectname)%00%(upstream:track)%00%(upstream:remotename)%00%(upstream:remoteref) refs/heads/main refs/remotes/main [2ms]
2024-05-21 22:27:13.981 [info] > git status -z -uall [2ms]
2024-05-21 22:27:18.996 [info] > git config --get commit.template [4ms]
2024-05-21 22:27:18.997 [info] > git for-each-ref --format=%(refname)%00%(upstream:short)%00%(objectname)%00%(upstream:track)%00%(upstream:remotename)%00%(upstream:remoteref) refs/heads/main refs/remotes/main [2ms]
2024-05-21 22:27:19.005 [info] > git status -z -uall [2ms]
2024-05-21 22:27:35.054 [info] > git check-ignore -v -z --stdin [2ms]
2024-05-21 22:27:35.636 [info] > git config --get commit.template [13ms]
2024-05-21 22:27:35.640 [info] > git for-each-ref --format=%(refname)%00%(upstream:short)%00%(objectname)%00%(upstream:track)%00%(upstream:remotename)%00%(upstream:remoteref) refs/heads/main refs/remotes/main [5ms]
2024-05-21 22:27:35.655 [info] > git status -z -uall [5ms]
2024-05-21 22:27:37.697 [info] > git show --textconv :include/rlgl.h [8ms]
2024-05-21 22:27:37.698 [info] > git ls-files --stage -- /home/ahmedsat/src/ray-test/include/rlgl.h [3ms]
2024-05-21 22:28:12.194 [info] > git check-ignore -v -z --stdin [3ms]
2024-05-21 22:28:12.757 [info] > git config --get commit.template [9ms]
2024-05-21 22:28:12.759 [info] > git for-each-ref --format=%(refname)%00%(upstream:short)%00%(objectname)%00%(upstream:track)%00%(upstream:remotename)%00%(upstream:remoteref) refs/heads/main refs/remotes/main [4ms]
2024-05-21 22:28:12.773 [info] > git status -z -uall [5ms]
2024-05-21 22:28:21.051 [info] > git check-ignore -v -z --stdin [1ms]
2024-05-21 22:28:21.608 [info] > git config --get commit.template [12ms]
2024-05-21 22:28:21.608 [info] > git for-each-ref --format=%(refname)%00%(upstream:short)%00%(objectname)%00%(upstream:track)%00%(upstream:remotename)%00%(upstream:remoteref) refs/heads/main refs/remotes/main [3ms]
2024-05-21 22:28:21.615 [info] > git status -z -uall [3ms]
2024-05-21 22:28:28.466 [info] > git check-ignore -v -z --stdin [4ms]
2024-05-21 22:28:29.021 [info] > git config --get commit.template [4ms]
2024-05-21 22:28:29.023 [info] > git for-each-ref --format=%(refname)%00%(upstream:short)%00%(objectname)%00%(upstream:track)%00%(upstream:remotename)%00%(upstream:remoteref) refs/heads/main refs/remotes/main [2ms]
2024-05-21 22:28:29.031 [info] > git status -z -uall [3ms]
2024-05-21 22:28:33.010 [info] > git check-ignore -v -z --stdin [2ms]
2024-05-21 22:28:34.051 [info] > git config --get commit.template [6ms]
2024-05-21 22:28:34.052 [info] > git for-each-ref --format=%(refname)%00%(upstream:short)%00%(objectname)%00%(upstream:track)%00%(upstream:remotename)%00%(upstream:remoteref) refs/heads/main refs/remotes/main [2ms]
2024-05-21 22:28:34.060 [info] > git status -z -uall [3ms]
2024-05-21 22:28:38.693 [info] > git show --textconv :include/raylib.h [7ms]
2024-05-21 22:28:38.694 [info] > git ls-files --stage -- /home/ahmedsat/src/ray-test/include/raylib.h [2ms]
2024-05-21 22:28:41.992 [info] > git show --textconv :include/raymath.h [5ms]
2024-05-21 22:28:41.993 [info] > git ls-files --stage -- /home/ahmedsat/src/ray-test/include/raymath.h [2ms]
2024-05-21 22:28:45.744 [info] > git show --textconv :include/raylib.h [5ms]
2024-05-21 22:28:45.746 [info] > git ls-files --stage -- /home/ahmedsat/src/ray-test/include/raylib.h [3ms]
2024-05-21 22:28:54.637 [info] > git show --textconv :include/rlgl.h [5ms]
2024-05-21 22:28:54.638 [info] > git ls-files --stage -- /home/ahmedsat/src/ray-test/include/rlgl.h [2ms]
2024-05-21 22:29:00.199 [info] > git show --textconv :include/raylib-5.0/rlgl.h [5ms]
2024-05-21 22:29:00.202 [info] > git ls-files --stage -- /home/ahmedsat/src/ray-test/include/raylib-5.0/rlgl.h [2ms]
2024-05-21 22:29:00.623 [info] > git check-ignore -v -z --stdin [1ms]
2024-05-21 22:29:01.218 [info] > git config --get commit.template [6ms]
2024-05-21 22:29:01.218 [info] > git for-each-ref --format=%(refname)%00%(upstream:short)%00%(objectname)%00%(upstream:track)%00%(upstream:remotename)%00%(upstream:remoteref) refs/heads/main refs/remotes/main [2ms]
2024-05-21 22:29:01.225 [info] > git status -z -uall [2ms]
2024-05-21 22:29:11.935 [info] > git show --textconv :nob.c [6ms]
2024-05-21 22:29:11.936 [info] > git ls-files --stage -- /home/ahmedsat/src/ray-test/nob.c [2ms]
2024-05-21 22:29:42.985 [info] > git check-ignore -v -z --stdin [3ms]
2024-05-21 22:29:43.502 [info] > git config --get commit.template [4ms]
2024-05-21 22:29:43.503 [info] > git for-each-ref --format=%(refname)%00%(upstream:short)%00%(objectname)%00%(upstream:track)%00%(upstream:remotename)%00%(upstream:remoteref) refs/heads/main refs/remotes/main [1ms]
2024-05-21 22:29:43.511 [info] > git status -z -uall [3ms]
2024-05-21 22:29:51.517 [info] > git check-ignore -v -z --stdin [3ms]
2024-05-21 22:29:53.711 [info] > git config --get commit.template [12ms]
2024-05-21 22:29:53.714 [info] > git for-each-ref --format=%(refname)%00%(upstream:short)%00%(objectname)%00%(upstream:track)%00%(upstream:remotename)%00%(upstream:remoteref) refs/heads/main refs/remotes/main [5ms]
2024-05-21 22:29:53.730 [info] > git status -z -uall [6ms]
2024-05-21 22:31:29.823 [info] > git show --textconv :nob.c [11ms]
2024-05-21 22:31:29.825 [info] > git ls-files --stage -- /home/ahmedsat/src/ray-test/nob.c [5ms]
2024-05-21 22:32:30.421 [info] > git check-ignore -v -z --stdin [3ms]
2024-05-21 22:32:30.995 [info] > git config --get commit.template [11ms]
2024-05-21 22:32:30.998 [info] > git for-each-ref --format=%(refname)%00%(upstream:short)%00%(objectname)%00%(upstream:track)%00%(upstream:remotename)%00%(upstream:remoteref) refs/heads/main refs/remotes/main [5ms]
2024-05-21 22:32:31.013 [info] > git status -z -uall [5ms]
2024-05-21 22:32:39.554 [info] > git config --get commit.template [13ms]
2024-05-21 22:32:39.557 [info] > git for-each-ref --format=%(refname)%00%(upstream:short)%00%(objectname)%00%(upstream:track)%00%(upstream:remotename)%00%(upstream:remoteref) refs/heads/main refs/remotes/main [5ms]
2024-05-21 22:32:39.573 [info] > git status -z -uall [6ms]
2024-05-21 22:32:44.606 [info] > git config --get commit.template [12ms]
2024-05-21 22:32:44.609 [info] > git for-each-ref --format=%(refname)%00%(upstream:short)%00%(objectname)%00%(upstream:track)%00%(upstream:remotename)%00%(upstream:remoteref) refs/heads/main refs/remotes/main [5ms]
2024-05-21 22:32:44.621 [info] > git status -z -uall [3ms]
2024-05-21 22:32:55.271 [info] > git show --textconv :LICENSE [13ms]
2024-05-21 22:32:55.274 [info] > git ls-files --stage -- /home/ahmedsat/src/ray-test/LICENSE [5ms]
2024-05-21 22:33:05.898 [info] > git config --get commit.template [12ms]
2024-05-21 22:33:05.900 [info] > git for-each-ref --format=%(refname)%00%(upstream:short)%00%(objectname)%00%(upstream:track)%00%(upstream:remotename)%00%(upstream:remoteref) refs/heads/main refs/remotes/main [4ms]
2024-05-21 22:33:05.915 [info] > git status -z -uall [5ms]
2024-05-21 22:33:09.680 [info] > git show --textconv :include/nob.h [8ms]
2024-05-21 22:33:09.682 [info] > git ls-files --stage -- /home/ahmedsat/src/ray-test/include/nob.h [5ms]
2024-05-21 22:33:10.684 [info] > git show --textconv :LICENSE [11ms]
2024-05-21 22:33:10.687 [info] > git ls-files --stage -- /home/ahmedsat/src/ray-test/LICENSE [4ms]
2024-05-21 22:33:16.032 [info] > git show --textconv :nob.c [15ms]
2024-05-21 22:33:16.036 [info] > git ls-files --stage -- /home/ahmedsat/src/ray-test/nob.c [7ms]
2024-05-21 22:33:26.496 [info] > git check-ignore -v -z --stdin [3ms]
2024-05-21 22:33:27.048 [info] > git config --get commit.template [5ms]
2024-05-21 22:33:27.049 [info] > git for-each-ref --format=%(refname)%00%(upstream:short)%00%(objectname)%00%(upstream:track)%00%(upstream:remotename)%00%(upstream:remoteref) refs/heads/main refs/remotes/main [2ms]
2024-05-21 22:33:27.057 [info] > git status -z -uall [2ms]
2024-05-21 22:33:35.646 [info] > git show --textconv :src/main.c [14ms]
2024-05-21 22:33:35.648 [info] > git ls-files --stage -- /home/ahmedsat/src/ray-test/src/main.c [4ms]
2024-05-21 22:33:35.899 [info] > git check-ignore -v -z --stdin [3ms]
2024-05-21 22:33:36.451 [info] > git config --get commit.template [4ms]
2024-05-21 22:33:36.453 [info] > git for-each-ref --format=%(refname)%00%(upstream:short)%00%(objectname)%00%(upstream:track)%00%(upstream:remotename)%00%(upstream:remoteref) refs/heads/main refs/remotes/main [1ms]
2024-05-21 22:33:36.459 [info] > git status -z -uall [3ms]
2024-05-21 22:34:47.416 [info] > git config --get commit.template [5ms]
2024-05-21 22:34:47.417 [info] > git for-each-ref --format=%(refname)%00%(upstream:short)%00%(objectname)%00%(upstream:track)%00%(upstream:remotename)%00%(upstream:remoteref) refs/heads/main refs/remotes/main [2ms]
2024-05-21 22:34:47.422 [info] > git status -z -uall [2ms]
2024-05-21 22:34:51.159 [info] > git show --textconv :nob.c [14ms]
2024-05-21 22:34:51.161 [info] > git ls-files --stage -- /home/ahmedsat/src/ray-test/nob.c [3ms]
2024-05-21 22:36:03.118 [info] > git config --get commit.template [5ms]
2024-05-21 22:36:03.119 [info] > git for-each-ref --format=%(refname)%00%(upstream:short)%00%(objectname)%00%(upstream:track)%00%(upstream:remotename)%00%(upstream:remoteref) refs/heads/main refs/remotes/main [2ms]
2024-05-21 22:36:03.125 [info] > git status -z -uall [2ms]
2024-05-21 22:36:08.663 [info] > git config --get commit.template [5ms]
2024-05-21 22:36:08.664 [info] > git for-each-ref --format=%(refname)%00%(upstream:short)%00%(objectname)%00%(upstream:track)%00%(upstream:remotename)%00%(upstream:remoteref) refs/heads/main refs/remotes/main [2ms]
2024-05-21 22:36:08.670 [info] > git status -z -uall [2ms]
2024-05-21 22:36:23.724 [info] > git config --get commit.template [12ms]
2024-05-21 22:36:23.726 [info] > git for-each-ref --format=%(refname)%00%(upstream:short)%00%(objectname)%00%(upstream:track)%00%(upstream:remotename)%00%(upstream:remoteref) refs/heads/main refs/remotes/main [4ms]
2024-05-21 22:36:23.743 [info] > git status -z -uall [5ms]
2024-05-21 22:36:28.765 [info] > git config --get commit.template [4ms]
2024-05-21 22:36:28.766 [info] > git for-each-ref --format=%(refname)%00%(upstream:short)%00%(objectname)%00%(upstream:track)%00%(upstream:remotename)%00%(upstream:remoteref) refs/heads/main refs/remotes/main [2ms]
2024-05-21 22:36:28.772 [info] > git status -z -uall [2ms]
2024-05-21 22:36:45.355 [info] > git show --textconv :src/main.c [6ms]
2024-05-21 22:36:45.357 [info] > git ls-files --stage -- /home/ahmedsat/src/ray-test/src/main.c [2ms]
2024-05-21 22:36:51.244 [info] > git config --get commit.template [5ms]
2024-05-21 22:36:51.245 [info] > git for-each-ref --format=%(refname)%00%(upstream:short)%00%(objectname)%00%(upstream:track)%00%(upstream:remotename)%00%(upstream:remoteref) refs/heads/main refs/remotes/main [2ms]
2024-05-21 22:36:51.253 [info] > git status -z -uall [2ms]
2024-05-21 22:37:06.423 [info] > git check-ignore -v -z --stdin [2ms]
2024-05-21 22:37:06.994 [info] > git config --get commit.template [5ms]
2024-05-21 22:37:06.996 [info] > git for-each-ref --format=%(refname)%00%(upstream:short)%00%(objectname)%00%(upstream:track)%00%(upstream:remotename)%00%(upstream:remoteref) refs/heads/main refs/remotes/main [3ms]
2024-05-21 22:37:07.004 [info] > git status -z -uall [3ms]
2024-05-21 22:37:12.028 [info] > git config --get commit.template [6ms]
2024-05-21 22:37:12.030 [info] > git for-each-ref --format=%(refname)%00%(upstream:short)%00%(objectname)%00%(upstream:track)%00%(upstream:remotename)%00%(upstream:remoteref) refs/heads/main refs/remotes/main [3ms]
2024-05-21 22:37:12.039 [info] > git status -z -uall [2ms]
2024-05-21 22:37:24.217 [info] > git show --textconv :.gitignore [13ms]
2024-05-21 22:37:24.220 [info] > git ls-files --stage -- /home/ahmedsat/src/ray-test/.gitignore [5ms]
2024-05-21 22:37:24.452 [info] > git check-ignore -v -z --stdin [4ms]
2024-05-21 22:37:25.018 [info] > git config --get commit.template [5ms]
2024-05-21 22:37:25.019 [info] > git for-each-ref --format=%(refname)%00%(upstream:short)%00%(objectname)%00%(upstream:track)%00%(upstream:remotename)%00%(upstream:remoteref) refs/heads/main refs/remotes/main [2ms]
2024-05-21 22:37:25.024 [info] > git status -z -uall [2ms]
2024-05-21 22:37:33.649 [info] > git check-ignore -v -z --stdin [4ms]
2024-05-21 22:37:34.091 [info] > git config --get commit.template [6ms]
2024-05-21 22:37:34.092 [info] > git for-each-ref --format=%(refname)%00%(upstream:short)%00%(objectname)%00%(upstream:track)%00%(upstream:remotename)%00%(upstream:remoteref) refs/heads/main refs/remotes/main [2ms]
2024-05-21 22:37:34.100 [info] > git status -z -uall [2ms]
2024-05-21 22:37:46.338 [info] > git config --get commit.template [4ms]
2024-05-21 22:37:46.339 [info] > git for-each-ref --format=%(refname)%00%(upstream:short)%00%(objectname)%00%(upstream:track)%00%(upstream:remotename)%00%(upstream:remoteref) refs/heads/main refs/remotes/main [2ms]
2024-05-21 22:37:46.345 [info] > git status -z -uall [2ms]
2024-05-21 22:39:34.902 [info] > git show --textconv :src/main.c [17ms]
2024-05-21 22:39:34.906 [info] > git ls-files --stage -- /home/ahmedsat/src/ray-test/src/main.c [6ms]
2024-05-21 22:40:49.329 [info] > git config --get commit.template [6ms]
2024-05-21 22:40:49.329 [info] > git for-each-ref --format=%(refname)%00%(upstream:short)%00%(objectname)%00%(upstream:track)%00%(upstream:remotename)%00%(upstream:remoteref) refs/heads/main refs/remotes/main [2ms]
2024-05-21 22:40:49.335 [info] > git status -z -uall [2ms]
2024-05-21 22:41:28.475 [info] > git config --get commit.template [6ms]
2024-05-21 22:41:28.477 [info] > git for-each-ref --format=%(refname)%00%(upstream:short)%00%(objectname)%00%(upstream:track)%00%(upstream:remotename)%00%(upstream:remoteref) refs/heads/main refs/remotes/main [2ms]
2024-05-21 22:41:28.485 [info] > git status -z -uall [3ms]
2024-05-21 22:41:40.875 [info] > git show --textconv :nob.c [7ms]
2024-05-21 22:41:40.877 [info] > git ls-files --stage -- /home/ahmedsat/src/ray-test/nob.c [3ms]
2024-05-21 22:42:46.683 [info] > git config --get commit.template [5ms]
2024-05-21 22:42:46.684 [info] > git for-each-ref --format=%(refname)%00%(upstream:short)%00%(objectname)%00%(upstream:track)%00%(upstream:remotename)%00%(upstream:remoteref) refs/heads/main refs/remotes/main [1ms]
2024-05-21 22:42:46.690 [info] > git status -z -uall [2ms]
2024-05-21 22:43:07.369 [info] > git show --textconv :src/main.c [5ms]
2024-05-21 22:43:07.370 [info] > git ls-files --stage -- /home/ahmedsat/src/ray-test/src/main.c [2ms]
2024-05-21 22:43:08.284 [info] > git config --get commit.template [11ms]
2024-05-21 22:43:08.287 [info] > git for-each-ref --format=%(refname)%00%(upstream:short)%00%(objectname)%00%(upstream:track)%00%(upstream:remotename)%00%(upstream:remoteref) refs/heads/main refs/remotes/main [4ms]
2024-05-21 22:43:08.302 [info] > git status -z -uall [5ms]
2024-05-21 22:43:13.332 [info] > git config --get commit.template [11ms]
2024-05-21 22:43:13.335 [info] > git for-each-ref --format=%(refname)%00%(upstream:short)%00%(objectname)%00%(upstream:track)%00%(upstream:remotename)%00%(upstream:remoteref) refs/heads/main refs/remotes/main [3ms]
2024-05-21 22:43:13.349 [info] > git status -z -uall [5ms]
2024-05-21 22:43:13.849 [info] > git show --textconv :nob.c [6ms]
2024-05-21 22:43:13.850 [info] > git ls-files --stage -- /home/ahmedsat/src/ray-test/nob.c [2ms]
2024-05-21 22:43:19.913 [info] > git config --get commit.template [5ms]
2024-05-21 22:43:19.914 [info] > git for-each-ref --format=%(refname)%00%(upstream:short)%00%(objectname)%00%(upstream:track)%00%(upstream:remotename)%00%(upstream:remoteref) refs/heads/main refs/remotes/main [2ms]
2024-05-21 22:43:19.920 [info] > git status -z -uall [2ms]
2024-05-21 22:43:33.024 [info] > git config --get commit.template [5ms]
2024-05-21 22:43:33.025 [info] > git for-each-ref --format=%(refname)%00%(upstream:short)%00%(objectname)%00%(upstream:track)%00%(upstream:remotename)%00%(upstream:remoteref) refs/heads/main refs/remotes/main [2ms]
2024-05-21 22:43:33.034 [info] > git status -z -uall [3ms]
2024-05-21 22:46:11.481 [info] > git config --get commit.template [7ms]
2024-05-21 22:46:11.482 [info] > git for-each-ref --format=%(refname)%00%(upstream:short)%00%(objectname)%00%(upstream:track)%00%(upstream:remotename)%00%(upstream:remoteref) refs/heads/main refs/remotes/main [2ms]
2024-05-21 22:46:11.488 [info] > git status -z -uall [2ms]
2024-05-21 22:46:49.444 [info] > git config --get commit.template [2ms]
2024-05-21 22:46:49.452 [info] > git for-each-ref --format=%(refname)%00%(upstream:short)%00%(objectname)%00%(upstream:track)%00%(upstream:remotename)%00%(upstream:remoteref) refs/heads/main refs/remotes/main [2ms]
2024-05-21 22:46:49.458 [info] > git status -z -uall [2ms]
2024-05-21 22:47:19.027 [info] > git config --get commit.template [3ms]
2024-05-21 22:47:19.034 [info] > git for-each-ref --format=%(refname)%00%(upstream:short)%00%(objectname)%00%(upstream:track)%00%(upstream:remotename)%00%(upstream:remoteref) refs/heads/main refs/remotes/main [2ms]
2024-05-21 22:47:19.040 [info] > git status -z -uall [2ms]
2024-05-21 22:47:58.649 [info] > git config --get commit.template [6ms]
2024-05-21 22:47:58.650 [info] > git for-each-ref --format=%(refname)%00%(upstream:short)%00%(objectname)%00%(upstream:track)%00%(upstream:remotename)%00%(upstream:remoteref) refs/heads/main refs/remotes/main [2ms]
2024-05-21 22:47:58.656 [info] > git status -z -uall [2ms]
2024-05-21 22:48:03.682 [info] > git config --get commit.template [10ms]
2024-05-21 22:48:03.686 [info] > git for-each-ref --format=%(refname)%00%(upstream:short)%00%(objectname)%00%(upstream:track)%00%(upstream:remotename)%00%(upstream:remoteref) refs/heads/main refs/remotes/main [5ms]
2024-05-21 22:48:03.701 [info] > git status -z -uall [5ms]
2024-05-21 22:48:04.258 [info] > git show --textconv :src/main.c [9ms]
2024-05-21 22:48:04.260 [info] > git ls-files --stage -- /home/ahmedsat/src/ray-test/src/main.c [2ms]
2024-05-21 22:48:09.600 [info] > git config --get commit.template [11ms]
2024-05-21 22:48:09.604 [info] > git for-each-ref --format=%(refname)%00%(upstream:short)%00%(objectname)%00%(upstream:track)%00%(upstream:remotename)%00%(upstream:remoteref) refs/heads/main refs/remotes/main [4ms]
2024-05-21 22:48:09.621 [info] > git status -z -uall [6ms]
2024-05-21 22:48:13.808 [info] > git show --textconv :nob.c [9ms]
2024-05-21 22:48:13.809 [info] > git ls-files --stage -- /home/ahmedsat/src/ray-test/nob.c [2ms]
2024-05-21 22:49:34.946 [info] > git config --get commit.template [7ms]
2024-05-21 22:49:34.949 [info] > git for-each-ref --format=%(refname)%00%(upstream:short)%00%(objectname)%00%(upstream:track)%00%(upstream:remotename)%00%(upstream:remoteref) refs/heads/main refs/remotes/main [4ms]
2024-05-21 22:49:34.957 [info] > git status -z -uall [2ms]
2024-05-21 22:50:04.619 [info] > git config --get commit.template [6ms]
2024-05-21 22:50:04.621 [info] > git for-each-ref --format=%(refname)%00%(upstream:short)%00%(objectname)%00%(upstream:track)%00%(upstream:remotename)%00%(upstream:remoteref) refs/heads/main refs/remotes/main [3ms]
2024-05-21 22:50:04.628 [info] > git status -z -uall [3ms]
2024-05-21 22:50:15.875 [info] > git config --get commit.template [13ms]
2024-05-21 22:50:15.879 [info] > git for-each-ref --format=%(refname)%00%(upstream:short)%00%(objectname)%00%(upstream:track)%00%(upstream:remotename)%00%(upstream:remoteref) refs/heads/main refs/remotes/main [4ms]
2024-05-21 22:50:15.896 [info] > git status -z -uall [6ms]
2024-05-21 22:50:19.969 [info] > git check-ignore -v -z --stdin [2ms]
2024-05-21 22:50:36.213 [info] > git check-ignore -v -z --stdin [3ms]
2024-05-21 22:50:36.746 [info] > git config --get commit.template [5ms]
2024-05-21 22:50:36.747 [info] > git for-each-ref --format=%(refname)%00%(upstream:short)%00%(objectname)%00%(upstream:track)%00%(upstream:remotename)%00%(upstream:remoteref) refs/heads/main refs/remotes/main [2ms]
2024-05-21 22:50:36.753 [info] > git status -z -uall [2ms]
