2024-05-21 11:48:48.606 [info] Log level: Info
2024-05-21 11:48:48.606 [info] Validating found git in: "git"
2024-05-21 11:48:48.606 [info] Using git "2.45.1" from "git"
2024-05-21 11:48:48.606 [info] > git rev-parse --show-toplevel [8ms]
2024-05-21 11:48:48.606 [info] > git rev-parse --git-dir --git-common-dir [2ms]
2024-05-21 11:48:48.606 [info] Open repository: /home/ahmedsat/golang/erp-reports
2024-05-21 11:48:48.632 [info] > git rev-parse --show-toplevel [18ms]
2024-05-21 11:48:48.633 [info] > git config --get commit.template [21ms]
2024-05-21 11:48:48.656 [info] > git rev-parse --show-toplevel [9ms]
2024-05-21 11:48:48.665 [info] > git for-each-ref --format=%(refname)%00%(upstream:short)%00%(objectname)%00%(upstream:track)%00%(upstream:remotename)%00%(upstream:remoteref) refs/heads/main refs/remotes/main [11ms]
2024-05-21 11:48:48.671 [warning] ENOENT: no such file or directory, open '/home/ahmedsat/golang/erp-reports/.git/refs/remotes/origin/main'
2024-05-21 11:48:48.672 [info] > git rev-parse --show-toplevel [8ms]
2024-05-21 11:48:48.677 [info] > git rev-parse refs/remotes/origin/main [5ms]
2024-05-21 11:48:48.682 [info] > git rev-parse --show-toplevel [7ms]
2024-05-21 11:48:48.685 [info] > git status -z -uall [5ms]
2024-05-21 11:48:48.701 [info] > git merge-base refs/heads/main refs/remotes/origin/main [11ms]
2024-05-21 11:48:48.704 [info] > git rev-parse --show-toplevel [19ms]
2024-05-21 11:48:48.709 [info] > git config --get commit.template [8ms]
2024-05-21 11:48:48.710 [info] > git rev-parse --show-toplevel [2ms]
2024-05-21 11:48:48.711 [info] > git rev-list --count --left-right refs/heads/main...refs/remotes/origin/main [6ms]
2024-05-21 11:48:48.734 [info] > git rev-parse --show-toplevel [14ms]
2024-05-21 11:48:48.734 [info] > git for-each-ref --format=%(refname)%00%(upstream:short)%00%(objectname)%00%(upstream:track)%00%(upstream:remotename)%00%(upstream:remoteref) refs/heads/main refs/remotes/main [17ms]
2024-05-21 11:48:48.734 [info] > git diff --name-status -z --diff-filter=ADMR cb6771cdae303cced38811abc8c31ba9020059b2...refs/remotes/origin/main [20ms]
2024-05-21 11:48:48.748 [warning] ENOENT: no such file or directory, open '/home/ahmedsat/golang/erp-reports/.git/refs/remotes/origin/main'
2024-05-21 11:48:48.748 [info] > git rev-parse --show-toplevel [4ms]
2024-05-21 11:48:48.751 [info] > git rev-parse refs/remotes/origin/main [3ms]
2024-05-21 11:48:48.758 [info] > git status -z -uall [4ms]
2024-05-21 11:48:49.129 [info] > git check-ignore -v -z --stdin [1ms]
