2024-05-21 11:39:42.430 [info] Log level: Info
2024-05-21 11:39:42.430 [info] Validating found git in: "git"
2024-05-21 11:39:42.430 [info] Using git "2.45.1" from "git"
2024-05-21 11:39:42.430 [info] > git rev-parse --show-toplevel [7ms]
2024-05-21 11:39:42.430 [info] > git rev-parse --git-dir --git-common-dir [10ms]
2024-05-21 11:39:42.430 [info] Open repository: /home/ahmedsat/golang/erp-reports
2024-05-21 11:39:42.438 [info] > git config --get commit.template [4ms]
2024-05-21 11:39:42.439 [info] > git rev-parse --show-toplevel [3ms]
2024-05-21 11:39:42.448 [info] > git for-each-ref --format=%(refname)%00%(upstream:short)%00%(objectname)%00%(upstream:track)%00%(upstream:remotename)%00%(upstream:remoteref) refs/heads/main refs/remotes/main [5ms]
2024-05-21 11:39:42.452 [warning] ENOENT: no such file or directory, open '/home/ahmedsat/golang/erp-reports/.git/refs/remotes/origin/main'
2024-05-21 11:39:42.452 [info] > git rev-parse --show-toplevel [5ms]
2024-05-21 11:39:42.456 [info] > git rev-parse refs/remotes/origin/main [4ms]
2024-05-21 11:39:42.463 [info] > git rev-parse --show-toplevel [6ms]
2024-05-21 11:39:42.467 [info] > git status -z -uall [6ms]
2024-05-21 11:39:42.488 [info] > git merge-base refs/heads/main refs/remotes/origin/main [14ms]
2024-05-21 11:39:42.492 [info] > git rev-parse --show-toplevel [26ms]
2024-05-21 11:39:42.496 [info] > git config --get commit.template [12ms]
2024-05-21 11:39:42.498 [info] > git rev-parse --show-toplevel [2ms]
2024-05-21 11:39:42.498 [info] > git rev-list --count --left-right refs/heads/main...refs/remotes/origin/main [6ms]
2024-05-21 11:39:42.511 [info] > git diff --name-status -z --diff-filter=ADMR cb6771cdae303cced38811abc8c31ba9020059b2...refs/remotes/origin/main [10ms]
2024-05-21 11:39:42.512 [info] > git rev-parse --show-toplevel [1ms]
2024-05-21 11:39:42.513 [info] > git for-each-ref --format=%(refname)%00%(upstream:short)%00%(objectname)%00%(upstream:track)%00%(upstream:remotename)%00%(upstream:remoteref) refs/heads/main refs/remotes/main [5ms]
2024-05-21 11:39:42.518 [warning] ENOENT: no such file or directory, open '/home/ahmedsat/golang/erp-reports/.git/refs/remotes/origin/main'
2024-05-21 11:39:42.518 [info] > git rev-parse --show-toplevel [3ms]
2024-05-21 11:39:42.522 [info] > git rev-parse refs/remotes/origin/main [4ms]
2024-05-21 11:39:42.526 [info] > git rev-parse --show-toplevel [5ms]
2024-05-21 11:39:42.529 [info] > git status -z -uall [4ms]
2024-05-21 11:39:42.986 [info] > git check-ignore -v -z --stdin [1ms]
